#! /opt/homebrew/Cellar/icarus-verilog/13.0/bin/vvp
:ivl_version "13.0 (stable)" "(v13_0)";
:ivl_delay_selection "TYPICAL";
:vpi_time_precision + 0;
:vpi_module "/opt/homebrew/Cellar/icarus-verilog/13.0/lib/ivl/system.vpi";
:vpi_module "/opt/homebrew/Cellar/icarus-verilog/13.0/lib/ivl/vhdl_sys.vpi";
:vpi_module "/opt/homebrew/Cellar/icarus-verilog/13.0/lib/ivl/vhdl_textio.vpi";
:vpi_module "/opt/homebrew/Cellar/icarus-verilog/13.0/lib/ivl/v2005_math.vpi";
:vpi_module "/opt/homebrew/Cellar/icarus-verilog/13.0/lib/ivl/va_math.vpi";
:vpi_module "/opt/homebrew/Cellar/icarus-verilog/13.0/lib/ivl/v2009.vpi";
S_0x13de08fa0 .scope package, "$unit" "$unit" 2 1;
 .timescale 0 0;
S_0x13de09320 .scope module, "STORE_UNIT_TEST" "STORE_UNIT_TEST" 3 1;
 .timescale 0 0;
v0x6000016fc2d0_0 .net "byte_mask", 3 0, v0x6000016fc000_0;  1 drivers
v0x6000016fc360_0 .var "byte_offset", 1 0;
v0x6000016fc3f0_0 .var/2s "error", 31 0;
v0x6000016fc480_0 .var "funct3", 2 0;
v0x6000016fc510_0 .var "rs2", 31 0;
v0x6000016fc5a0_0 .net "write_data", 31 0, v0x6000016fc240_0;  1 drivers
S_0x13de09490 .scope module, "dut" "STORE_UNIT" 3 9, 4 8 0, S_0x13de09320;
 .timescale 0 0;
    .port_info 0 /INPUT 3 "funct3";
    .port_info 1 /INPUT 32 "rs2";
    .port_info 2 /INPUT 2 "byte_offset";
    .port_info 3 /OUTPUT 32 "write_data";
    .port_info 4 /OUTPUT 4 "byte_mask";
v0x6000016fc000_0 .var "byte_mask", 3 0;
v0x6000016fc090_0 .net "byte_offset", 1 0, v0x6000016fc360_0;  1 drivers
v0x6000016fc120_0 .net "funct3", 2 0, v0x6000016fc480_0;  1 drivers
v0x6000016fc1b0_0 .net "rs2", 31 0, v0x6000016fc510_0;  1 drivers
v0x6000016fc240_0 .var "write_data", 31 0;
E_0x6000031f84c0 .event anyedge, v0x6000016fc120_0, v0x6000016fc090_0, v0x6000016fc1b0_0;
    .scope S_0x13de09490;
T_0 ;
Ewait_0 .event/or E_0x6000031f84c0, E_0x0;
    %wait Ewait_0;
    %load/vec4 v0x6000016fc120_0;
    %dup/vec4;
    %pushi/vec4 0, 0, 3;
    %cmp/u;
    %jmp/1 T_0.0, 6;
    %dup/vec4;
    %pushi/vec4 1, 0, 3;
    %cmp/u;
    %jmp/1 T_0.1, 6;
    %dup/vec4;
    %pushi/vec4 2, 0, 3;
    %cmp/u;
    %jmp/1 T_0.2, 6;
    %pushi/vec4 0, 0, 32;
    %store/vec4 v0x6000016fc240_0, 0, 32;
    %pushi/vec4 0, 0, 4;
    %store/vec4 v0x6000016fc000_0, 0, 4;
    %jmp T_0.4;
T_0.0 ;
    %load/vec4 v0x6000016fc090_0;
    %dup/vec4;
    %pushi/vec4 0, 0, 2;
    %cmp/u;
    %jmp/1 T_0.5, 6;
    %dup/vec4;
    %pushi/vec4 1, 0, 2;
    %cmp/u;
    %jmp/1 T_0.6, 6;
    %dup/vec4;
    %pushi/vec4 2, 0, 2;
    %cmp/u;
    %jmp/1 T_0.7, 6;
    %dup/vec4;
    %pushi/vec4 3, 0, 2;
    %cmp/u;
    %jmp/1 T_0.8, 6;
    %pushi/vec4 0, 0, 32;
    %store/vec4 v0x6000016fc240_0, 0, 32;
    %pushi/vec4 0, 0, 4;
    %store/vec4 v0x6000016fc000_0, 0, 4;
    %jmp T_0.10;
T_0.5 ;
    %pushi/vec4 0, 0, 24;
    %load/vec4 v0x6000016fc1b0_0;
    %parti/s 8, 0, 2;
    %concat/vec4; draw_concat_vec4
    %store/vec4 v0x6000016fc240_0, 0, 32;
    %pushi/vec4 1, 0, 4;
    %store/vec4 v0x6000016fc000_0, 0, 4;
    %jmp T_0.10;
T_0.6 ;
    %pushi/vec4 0, 0, 16;
    %load/vec4 v0x6000016fc1b0_0;
    %parti/s 8, 0, 2;
    %concat/vec4; draw_concat_vec4
    %concati/vec4 0, 0, 8;
    %store/vec4 v0x6000016fc240_0, 0, 32;
    %pushi/vec4 2, 0, 4;
    %store/vec4 v0x6000016fc000_0, 0, 4;
    %jmp T_0.10;
T_0.7 ;
    %pushi/vec4 0, 0, 8;
    %load/vec4 v0x6000016fc1b0_0;
    %parti/s 8, 0, 2;
    %concat/vec4; draw_concat_vec4
    %concati/vec4 0, 0, 16;
    %store/vec4 v0x6000016fc240_0, 0, 32;
    %pushi/vec4 4, 0, 4;
    %store/vec4 v0x6000016fc000_0, 0, 4;
    %jmp T_0.10;
T_0.8 ;
    %load/vec4 v0x6000016fc1b0_0;
    %parti/s 8, 0, 2;
    %concati/vec4 0, 0, 24;
    %store/vec4 v0x6000016fc240_0, 0, 32;
    %pushi/vec4 8, 0, 4;
    %store/vec4 v0x6000016fc000_0, 0, 4;
    %jmp T_0.10;
T_0.10 ;
    %pop/vec4 1;
    %jmp T_0.4;
T_0.1 ;
    %load/vec4 v0x6000016fc090_0;
    %parti/s 1, 1, 2;
    %dup/vec4;
    %pushi/vec4 0, 0, 1;
    %cmp/u;
    %jmp/1 T_0.11, 6;
    %dup/vec4;
    %pushi/vec4 1, 0, 1;
    %cmp/u;
    %jmp/1 T_0.12, 6;
    %pushi/vec4 0, 0, 32;
    %store/vec4 v0x6000016fc240_0, 0, 32;
    %pushi/vec4 0, 0, 4;
    %store/vec4 v0x6000016fc000_0, 0, 4;
    %jmp T_0.14;
T_0.11 ;
    %pushi/vec4 0, 0, 16;
    %load/vec4 v0x6000016fc1b0_0;
    %parti/s 16, 0, 2;
    %concat/vec4; draw_concat_vec4
    %store/vec4 v0x6000016fc240_0, 0, 32;
    %pushi/vec4 3, 0, 4;
    %store/vec4 v0x6000016fc000_0, 0, 4;
    %jmp T_0.14;
T_0.12 ;
    %load/vec4 v0x6000016fc1b0_0;
    %parti/s 16, 0, 2;
    %concati/vec4 0, 0, 16;
    %store/vec4 v0x6000016fc240_0, 0, 32;
    %pushi/vec4 12, 0, 4;
    %store/vec4 v0x6000016fc000_0, 0, 4;
    %jmp T_0.14;
T_0.14 ;
    %pop/vec4 1;
    %jmp T_0.4;
T_0.2 ;
    %load/vec4 v0x6000016fc1b0_0;
    %store/vec4 v0x6000016fc240_0, 0, 32;
    %pushi/vec4 15, 0, 4;
    %store/vec4 v0x6000016fc000_0, 0, 4;
    %jmp T_0.4;
T_0.4 ;
    %pop/vec4 1;
    %jmp T_0;
    .thread T_0, $push;
    .scope S_0x13de09320;
T_1 ;
    %pushi/vec4 0, 0, 32;
    %store/vec4 v0x6000016fc3f0_0, 0, 32;
    %end;
    .thread T_1, $init;
    .scope S_0x13de09320;
T_2 ;
    %vpi_call/w 3 18 "$dumpfile", "STORE_UNIT.vcd" {0 0 0};
    %vpi_call/w 3 19 "$dumpvars", 32'sb00000000000000000000000000000000, S_0x13de09320 {0 0 0};
    %pushi/vec4 2864434397, 0, 32;
    %store/vec4 v0x6000016fc510_0, 0, 32;
    %pushi/vec4 2, 0, 3;
    %store/vec4 v0x6000016fc480_0, 0, 3;
    %pushi/vec4 0, 0, 2;
    %store/vec4 v0x6000016fc360_0, 0, 2;
    %delay 1, 0;
    %load/vec4 v0x6000016fc5a0_0;
    %cmpi/e 2864434397, 0, 32;
    %flag_get/vec4 6;
    %jmp/0 T_2.2, 6;
    %load/vec4 v0x6000016fc2d0_0;
    %pushi/vec4 15, 0, 4;
    %cmp/e;
    %flag_get/vec4 6;
    %and;
T_2.2;
    %flag_set/vec4 8;
    %jmp/0xz  T_2.0, 8;
    %jmp T_2.1;
T_2.0 ;
    %vpi_call/w 3 26 "$display", "FAIL SW: data=%h mask=%b", v0x6000016fc5a0_0, v0x6000016fc2d0_0 {0 0 0};
    %load/vec4 v0x6000016fc3f0_0;
    %addi 1, 0, 32;
    %store/vec4 v0x6000016fc3f0_0, 0, 32;
T_2.1 ;
    %pushi/vec4 0, 0, 3;
    %store/vec4 v0x6000016fc480_0, 0, 3;
    %pushi/vec4 0, 0, 2;
    %store/vec4 v0x6000016fc360_0, 0, 2;
    %delay 1, 0;
    %load/vec4 v0x6000016fc5a0_0;
    %cmpi/e 221, 0, 32;
    %flag_get/vec4 6;
    %jmp/0 T_2.5, 6;
    %load/vec4 v0x6000016fc2d0_0;
    %pushi/vec4 1, 0, 4;
    %cmp/e;
    %flag_get/vec4 6;
    %and;
T_2.5;
    %flag_set/vec4 8;
    %jmp/0xz  T_2.3, 8;
    %jmp T_2.4;
T_2.3 ;
    %vpi_call/w 3 33 "$display", "FAIL SB offset=0: data=%h mask=%b", v0x6000016fc5a0_0, v0x6000016fc2d0_0 {0 0 0};
    %load/vec4 v0x6000016fc3f0_0;
    %addi 1, 0, 32;
    %store/vec4 v0x6000016fc3f0_0, 0, 32;
T_2.4 ;
    %pushi/vec4 1, 0, 2;
    %store/vec4 v0x6000016fc360_0, 0, 2;
    %delay 1, 0;
    %load/vec4 v0x6000016fc5a0_0;
    %cmpi/e 56576, 0, 32;
    %flag_get/vec4 6;
    %jmp/0 T_2.8, 6;
    %load/vec4 v0x6000016fc2d0_0;
    %pushi/vec4 2, 0, 4;
    %cmp/e;
    %flag_get/vec4 6;
    %and;
T_2.8;
    %flag_set/vec4 8;
    %jmp/0xz  T_2.6, 8;
    %jmp T_2.7;
T_2.6 ;
    %vpi_call/w 3 37 "$display", "FAIL SB offset=1: data=%h mask=%b", v0x6000016fc5a0_0, v0x6000016fc2d0_0 {0 0 0};
    %load/vec4 v0x6000016fc3f0_0;
    %addi 1, 0, 32;
    %store/vec4 v0x6000016fc3f0_0, 0, 32;
T_2.7 ;
    %pushi/vec4 2, 0, 2;
    %store/vec4 v0x6000016fc360_0, 0, 2;
    %delay 1, 0;
    %load/vec4 v0x6000016fc5a0_0;
    %cmpi/e 14483456, 0, 32;
    %flag_get/vec4 6;
    %jmp/0 T_2.11, 6;
    %load/vec4 v0x6000016fc2d0_0;
    %pushi/vec4 4, 0, 4;
    %cmp/e;
    %flag_get/vec4 6;
    %and;
T_2.11;
    %flag_set/vec4 8;
    %jmp/0xz  T_2.9, 8;
    %jmp T_2.10;
T_2.9 ;
    %vpi_call/w 3 41 "$display", "FAIL SB offset=2: data=%h mask=%b", v0x6000016fc5a0_0, v0x6000016fc2d0_0 {0 0 0};
    %load/vec4 v0x6000016fc3f0_0;
    %addi 1, 0, 32;
    %store/vec4 v0x6000016fc3f0_0, 0, 32;
T_2.10 ;
    %pushi/vec4 3, 0, 2;
    %store/vec4 v0x6000016fc360_0, 0, 2;
    %delay 1, 0;
    %load/vec4 v0x6000016fc5a0_0;
    %cmpi/e 3707764736, 0, 32;
    %flag_get/vec4 6;
    %jmp/0 T_2.14, 6;
    %load/vec4 v0x6000016fc2d0_0;
    %pushi/vec4 8, 0, 4;
    %cmp/e;
    %flag_get/vec4 6;
    %and;
T_2.14;
    %flag_set/vec4 8;
    %jmp/0xz  T_2.12, 8;
    %jmp T_2.13;
T_2.12 ;
    %vpi_call/w 3 45 "$display", "FAIL SB offset=3: data=%h mask=%b", v0x6000016fc5a0_0, v0x6000016fc2d0_0 {0 0 0};
    %load/vec4 v0x6000016fc3f0_0;
    %addi 1, 0, 32;
    %store/vec4 v0x6000016fc3f0_0, 0, 32;
T_2.13 ;
    %pushi/vec4 1, 0, 3;
    %store/vec4 v0x6000016fc480_0, 0, 3;
    %pushi/vec4 0, 0, 2;
    %store/vec4 v0x6000016fc360_0, 0, 2;
    %delay 1, 0;
    %load/vec4 v0x6000016fc5a0_0;
    %cmpi/e 52445, 0, 32;
    %flag_get/vec4 6;
    %jmp/0 T_2.17, 6;
    %load/vec4 v0x6000016fc2d0_0;
    %pushi/vec4 3, 0, 4;
    %cmp/e;
    %flag_get/vec4 6;
    %and;
T_2.17;
    %flag_set/vec4 8;
    %jmp/0xz  T_2.15, 8;
    %jmp T_2.16;
T_2.15 ;
    %vpi_call/w 3 52 "$display", "FAIL SH offset=0: data=%h mask=%b", v0x6000016fc5a0_0, v0x6000016fc2d0_0 {0 0 0};
    %load/vec4 v0x6000016fc3f0_0;
    %addi 1, 0, 32;
    %store/vec4 v0x6000016fc3f0_0, 0, 32;
T_2.16 ;
    %pushi/vec4 2, 0, 2;
    %store/vec4 v0x6000016fc360_0, 0, 2;
    %delay 1, 0;
    %load/vec4 v0x6000016fc5a0_0;
    %cmpi/e 3437035520, 0, 32;
    %flag_get/vec4 6;
    %jmp/0 T_2.20, 6;
    %load/vec4 v0x6000016fc2d0_0;
    %pushi/vec4 12, 0, 4;
    %cmp/e;
    %flag_get/vec4 6;
    %and;
T_2.20;
    %flag_set/vec4 8;
    %jmp/0xz  T_2.18, 8;
    %jmp T_2.19;
T_2.18 ;
    %vpi_call/w 3 56 "$display", "FAIL SH offset=2: data=%h mask=%b", v0x6000016fc5a0_0, v0x6000016fc2d0_0 {0 0 0};
    %load/vec4 v0x6000016fc3f0_0;
    %addi 1, 0, 32;
    %store/vec4 v0x6000016fc3f0_0, 0, 32;
T_2.19 ;
    %load/vec4 v0x6000016fc3f0_0;
    %cmpi/e 0, 0, 32;
    %jmp/0xz  T_2.21, 4;
    %vpi_call/w 3 60 "$display", "ALL TESTS PASSED" {0 0 0};
    %jmp T_2.22;
T_2.21 ;
    %vpi_call/w 3 62 "$display", "TEST FAILED with %0d errors", v0x6000016fc3f0_0 {0 0 0};
T_2.22 ;
    %vpi_call/w 3 64 "$finish" {0 0 0};
    %end;
    .thread T_2;
# The file index is used to find the file name in the following table.
:file_names 5;
    "N/A";
    "<interactive>";
    "-";
    "STORE_UNIT_TEST.sv";
    "STORE_UNIT.sv";
