#! /opt/homebrew/Cellar/icarus-verilog/13.0/bin/vvp
:ivl_version "13.0 (stable)" "(v13_0)";
:ivl_delay_selection "TYPICAL";
:vpi_time_precision + 0;
:vpi_module "/opt/homebrew/Cellar/icarus-verilog/13.0/lib/ivl/system.vpi";
:vpi_module "/opt/homebrew/Cellar/icarus-verilog/13.0/lib/ivl/vhdl_sys.vpi";
:vpi_module "/opt/homebrew/Cellar/icarus-verilog/13.0/lib/ivl/vhdl_textio.vpi";
:vpi_module "/opt/homebrew/Cellar/icarus-verilog/13.0/lib/ivl/v2005_math.vpi";
:vpi_module "/opt/homebrew/Cellar/icarus-verilog/13.0/lib/ivl/va_math.vpi";
:vpi_module "/opt/homebrew/Cellar/icarus-verilog/13.0/lib/ivl/v2009.vpi";
S_0x133e085e0 .scope package, "$unit" "$unit" 2 1;
 .timescale 0 0;
S_0x133e08920 .scope module, "LOAD_UNIT_TEST" "LOAD_UNIT_TEST" 3 1;
 .timescale 0 0;
v0x6000019ac360_0 .var "byte_offset", 1 0;
v0x6000019ac3f0_0 .var/2s "error", 31 0;
v0x6000019ac480_0 .var "funct3", 2 0;
v0x6000019ac510_0 .var "mem_data", 31 0;
v0x6000019ac5a0_0 .net "result", 31 0, v0x6000019ac2d0_0;  1 drivers
S_0x133e08ce0 .scope module, "dut" "LOAD_UNIT" 3 8, 4 7 0, S_0x133e08920;
 .timescale 0 0;
    .port_info 0 /INPUT 3 "funct3";
    .port_info 1 /INPUT 32 "mem_data";
    .port_info 2 /INPUT 2 "byte_offset";
    .port_info 3 /OUTPUT 32 "result";
v0x6000019ac000_0 .net "byte_offset", 1 0, v0x6000019ac360_0;  1 drivers
v0x6000019ac090_0 .var "byte_val", 7 0;
v0x6000019ac120_0 .net "funct3", 2 0, v0x6000019ac480_0;  1 drivers
v0x6000019ac1b0_0 .var "half_val", 15 0;
v0x6000019ac240_0 .net "mem_data", 31 0, v0x6000019ac510_0;  1 drivers
v0x6000019ac2d0_0 .var "result", 31 0;
E_0x600003ea8b40 .event anyedge, v0x6000019ac000_0, v0x6000019ac240_0, v0x6000019ac120_0;
    .scope S_0x133e08ce0;
T_0 ;
Ewait_0 .event/or E_0x600003ea8b40, E_0x0;
    %wait Ewait_0;
    %load/vec4 v0x6000019ac000_0;
    %dup/vec4;
    %pushi/vec4 0, 0, 2;
    %cmp/u;
    %jmp/1 T_0.0, 6;
    %dup/vec4;
    %pushi/vec4 1, 0, 2;
    %cmp/u;
    %jmp/1 T_0.1, 6;
    %dup/vec4;
    %pushi/vec4 2, 0, 2;
    %cmp/u;
    %jmp/1 T_0.2, 6;
    %dup/vec4;
    %pushi/vec4 3, 0, 2;
    %cmp/u;
    %jmp/1 T_0.3, 6;
    %pushi/vec4 0, 0, 8;
    %store/vec4 v0x6000019ac090_0, 0, 8;
    %jmp T_0.5;
T_0.0 ;
    %load/vec4 v0x6000019ac240_0;
    %parti/s 8, 0, 2;
    %store/vec4 v0x6000019ac090_0, 0, 8;
    %jmp T_0.5;
T_0.1 ;
    %load/vec4 v0x6000019ac240_0;
    %parti/s 8, 8, 5;
    %store/vec4 v0x6000019ac090_0, 0, 8;
    %jmp T_0.5;
T_0.2 ;
    %load/vec4 v0x6000019ac240_0;
    %parti/s 8, 16, 6;
    %store/vec4 v0x6000019ac090_0, 0, 8;
    %jmp T_0.5;
T_0.3 ;
    %load/vec4 v0x6000019ac240_0;
    %parti/s 8, 24, 6;
    %store/vec4 v0x6000019ac090_0, 0, 8;
    %jmp T_0.5;
T_0.5 ;
    %pop/vec4 1;
    %load/vec4 v0x6000019ac000_0;
    %parti/s 1, 1, 2;
    %dup/vec4;
    %pushi/vec4 0, 0, 1;
    %cmp/u;
    %jmp/1 T_0.6, 6;
    %dup/vec4;
    %pushi/vec4 1, 0, 1;
    %cmp/u;
    %jmp/1 T_0.7, 6;
    %pushi/vec4 0, 0, 16;
    %store/vec4 v0x6000019ac1b0_0, 0, 16;
    %jmp T_0.9;
T_0.6 ;
    %load/vec4 v0x6000019ac240_0;
    %parti/s 16, 0, 2;
    %store/vec4 v0x6000019ac1b0_0, 0, 16;
    %jmp T_0.9;
T_0.7 ;
    %load/vec4 v0x6000019ac240_0;
    %parti/s 16, 16, 6;
    %store/vec4 v0x6000019ac1b0_0, 0, 16;
    %jmp T_0.9;
T_0.9 ;
    %pop/vec4 1;
    %load/vec4 v0x6000019ac120_0;
    %dup/vec4;
    %pushi/vec4 0, 0, 3;
    %cmp/u;
    %jmp/1 T_0.10, 6;
    %dup/vec4;
    %pushi/vec4 1, 0, 3;
    %cmp/u;
    %jmp/1 T_0.11, 6;
    %dup/vec4;
    %pushi/vec4 2, 0, 3;
    %cmp/u;
    %jmp/1 T_0.12, 6;
    %dup/vec4;
    %pushi/vec4 4, 0, 3;
    %cmp/u;
    %jmp/1 T_0.13, 6;
    %dup/vec4;
    %pushi/vec4 5, 0, 3;
    %cmp/u;
    %jmp/1 T_0.14, 6;
    %pushi/vec4 0, 0, 32;
    %store/vec4 v0x6000019ac2d0_0, 0, 32;
    %jmp T_0.16;
T_0.10 ;
    %load/vec4 v0x6000019ac090_0;
    %parti/s 1, 7, 4;
    %replicate 24;
    %load/vec4 v0x6000019ac090_0;
    %concat/vec4; draw_concat_vec4
    %store/vec4 v0x6000019ac2d0_0, 0, 32;
    %jmp T_0.16;
T_0.11 ;
    %load/vec4 v0x6000019ac1b0_0;
    %parti/s 1, 15, 5;
    %replicate 16;
    %load/vec4 v0x6000019ac1b0_0;
    %concat/vec4; draw_concat_vec4
    %store/vec4 v0x6000019ac2d0_0, 0, 32;
    %jmp T_0.16;
T_0.12 ;
    %load/vec4 v0x6000019ac240_0;
    %store/vec4 v0x6000019ac2d0_0, 0, 32;
    %jmp T_0.16;
T_0.13 ;
    %pushi/vec4 0, 0, 24;
    %load/vec4 v0x6000019ac090_0;
    %concat/vec4; draw_concat_vec4
    %store/vec4 v0x6000019ac2d0_0, 0, 32;
    %jmp T_0.16;
T_0.14 ;
    %pushi/vec4 0, 0, 16;
    %load/vec4 v0x6000019ac1b0_0;
    %concat/vec4; draw_concat_vec4
    %store/vec4 v0x6000019ac2d0_0, 0, 32;
    %jmp T_0.16;
T_0.16 ;
    %pop/vec4 1;
    %jmp T_0;
    .thread T_0, $push;
    .scope S_0x133e08920;
T_1 ;
    %pushi/vec4 0, 0, 32;
    %store/vec4 v0x6000019ac3f0_0, 0, 32;
    %end;
    .thread T_1, $init;
    .scope S_0x133e08920;
T_2 ;
    %vpi_call/w 3 16 "$dumpfile", "LOAD_UNIT.vcd" {0 0 0};
    %vpi_call/w 3 17 "$dumpvars", 32'sb00000000000000000000000000000000, S_0x133e08920 {0 0 0};
    %pushi/vec4 2864434397, 0, 32;
    %store/vec4 v0x6000019ac510_0, 0, 32;
    %pushi/vec4 2, 0, 3;
    %store/vec4 v0x6000019ac480_0, 0, 3;
    %pushi/vec4 0, 0, 2;
    %store/vec4 v0x6000019ac360_0, 0, 2;
    %delay 1, 0;
    %load/vec4 v0x6000019ac5a0_0;
    %cmpi/e 2864434397, 0, 32;
    %jmp/0xz  T_2.0, 6;
    %jmp T_2.1;
T_2.0 ;
    %vpi_call/w 3 24 "$display", "FAIL LW: got %h", v0x6000019ac5a0_0 {0 0 0};
    %load/vec4 v0x6000019ac3f0_0;
    %addi 1, 0, 32;
    %store/vec4 v0x6000019ac3f0_0, 0, 32;
T_2.1 ;
    %pushi/vec4 0, 0, 3;
    %store/vec4 v0x6000019ac480_0, 0, 3;
    %pushi/vec4 0, 0, 2;
    %store/vec4 v0x6000019ac360_0, 0, 2;
    %delay 1, 0;
    %load/vec4 v0x6000019ac5a0_0;
    %cmpi/e 4294967261, 0, 32;
    %jmp/0xz  T_2.2, 6;
    %jmp T_2.3;
T_2.2 ;
    %vpi_call/w 3 31 "$display", "FAIL LB offset=0: got %h", v0x6000019ac5a0_0 {0 0 0};
    %load/vec4 v0x6000019ac3f0_0;
    %addi 1, 0, 32;
    %store/vec4 v0x6000019ac3f0_0, 0, 32;
T_2.3 ;
    %pushi/vec4 1, 0, 2;
    %store/vec4 v0x6000019ac360_0, 0, 2;
    %delay 1, 0;
    %load/vec4 v0x6000019ac5a0_0;
    %cmpi/e 4294967244, 0, 32;
    %jmp/0xz  T_2.4, 6;
    %jmp T_2.5;
T_2.4 ;
    %vpi_call/w 3 35 "$display", "FAIL LB offset=1: got %h", v0x6000019ac5a0_0 {0 0 0};
    %load/vec4 v0x6000019ac3f0_0;
    %addi 1, 0, 32;
    %store/vec4 v0x6000019ac3f0_0, 0, 32;
T_2.5 ;
    %pushi/vec4 2, 0, 2;
    %store/vec4 v0x6000019ac360_0, 0, 2;
    %delay 1, 0;
    %load/vec4 v0x6000019ac5a0_0;
    %cmpi/e 4294967227, 0, 32;
    %jmp/0xz  T_2.6, 6;
    %jmp T_2.7;
T_2.6 ;
    %vpi_call/w 3 39 "$display", "FAIL LB offset=2: got %h", v0x6000019ac5a0_0 {0 0 0};
    %load/vec4 v0x6000019ac3f0_0;
    %addi 1, 0, 32;
    %store/vec4 v0x6000019ac3f0_0, 0, 32;
T_2.7 ;
    %pushi/vec4 3, 0, 2;
    %store/vec4 v0x6000019ac360_0, 0, 2;
    %delay 1, 0;
    %load/vec4 v0x6000019ac5a0_0;
    %cmpi/e 4294967210, 0, 32;
    %jmp/0xz  T_2.8, 6;
    %jmp T_2.9;
T_2.8 ;
    %vpi_call/w 3 43 "$display", "FAIL LB offset=3: got %h", v0x6000019ac5a0_0 {0 0 0};
    %load/vec4 v0x6000019ac3f0_0;
    %addi 1, 0, 32;
    %store/vec4 v0x6000019ac3f0_0, 0, 32;
T_2.9 ;
    %pushi/vec4 127, 0, 32;
    %store/vec4 v0x6000019ac510_0, 0, 32;
    %pushi/vec4 0, 0, 3;
    %store/vec4 v0x6000019ac480_0, 0, 3;
    %pushi/vec4 0, 0, 2;
    %store/vec4 v0x6000019ac360_0, 0, 2;
    %delay 1, 0;
    %load/vec4 v0x6000019ac5a0_0;
    %cmpi/e 127, 0, 32;
    %jmp/0xz  T_2.10, 6;
    %jmp T_2.11;
T_2.10 ;
    %vpi_call/w 3 50 "$display", "FAIL LB positive: got %h", v0x6000019ac5a0_0 {0 0 0};
    %load/vec4 v0x6000019ac3f0_0;
    %addi 1, 0, 32;
    %store/vec4 v0x6000019ac3f0_0, 0, 32;
T_2.11 ;
    %pushi/vec4 2864434397, 0, 32;
    %store/vec4 v0x6000019ac510_0, 0, 32;
    %pushi/vec4 4, 0, 3;
    %store/vec4 v0x6000019ac480_0, 0, 3;
    %pushi/vec4 0, 0, 2;
    %store/vec4 v0x6000019ac360_0, 0, 2;
    %delay 1, 0;
    %load/vec4 v0x6000019ac5a0_0;
    %cmpi/e 221, 0, 32;
    %jmp/0xz  T_2.12, 6;
    %jmp T_2.13;
T_2.12 ;
    %vpi_call/w 3 58 "$display", "FAIL LBU offset=0: got %h", v0x6000019ac5a0_0 {0 0 0};
    %load/vec4 v0x6000019ac3f0_0;
    %addi 1, 0, 32;
    %store/vec4 v0x6000019ac3f0_0, 0, 32;
T_2.13 ;
    %pushi/vec4 3, 0, 2;
    %store/vec4 v0x6000019ac360_0, 0, 2;
    %delay 1, 0;
    %load/vec4 v0x6000019ac5a0_0;
    %cmpi/e 170, 0, 32;
    %jmp/0xz  T_2.14, 6;
    %jmp T_2.15;
T_2.14 ;
    %vpi_call/w 3 62 "$display", "FAIL LBU offset=3: got %h", v0x6000019ac5a0_0 {0 0 0};
    %load/vec4 v0x6000019ac3f0_0;
    %addi 1, 0, 32;
    %store/vec4 v0x6000019ac3f0_0, 0, 32;
T_2.15 ;
    %pushi/vec4 2864434397, 0, 32;
    %store/vec4 v0x6000019ac510_0, 0, 32;
    %pushi/vec4 1, 0, 3;
    %store/vec4 v0x6000019ac480_0, 0, 3;
    %pushi/vec4 0, 0, 2;
    %store/vec4 v0x6000019ac360_0, 0, 2;
    %delay 1, 0;
    %load/vec4 v0x6000019ac5a0_0;
    %cmpi/e 4294954205, 0, 32;
    %jmp/0xz  T_2.16, 6;
    %jmp T_2.17;
T_2.16 ;
    %vpi_call/w 3 70 "$display", "FAIL LH offset=0: got %h", v0x6000019ac5a0_0 {0 0 0};
    %load/vec4 v0x6000019ac3f0_0;
    %addi 1, 0, 32;
    %store/vec4 v0x6000019ac3f0_0, 0, 32;
T_2.17 ;
    %pushi/vec4 2, 0, 2;
    %store/vec4 v0x6000019ac360_0, 0, 2;
    %delay 1, 0;
    %load/vec4 v0x6000019ac5a0_0;
    %cmpi/e 4294945467, 0, 32;
    %jmp/0xz  T_2.18, 6;
    %jmp T_2.19;
T_2.18 ;
    %vpi_call/w 3 74 "$display", "FAIL LH offset=2: got %h", v0x6000019ac5a0_0 {0 0 0};
    %load/vec4 v0x6000019ac3f0_0;
    %addi 1, 0, 32;
    %store/vec4 v0x6000019ac3f0_0, 0, 32;
T_2.19 ;
    %pushi/vec4 4660, 0, 32;
    %store/vec4 v0x6000019ac510_0, 0, 32;
    %pushi/vec4 1, 0, 3;
    %store/vec4 v0x6000019ac480_0, 0, 3;
    %pushi/vec4 0, 0, 2;
    %store/vec4 v0x6000019ac360_0, 0, 2;
    %delay 1, 0;
    %load/vec4 v0x6000019ac5a0_0;
    %cmpi/e 4660, 0, 32;
    %jmp/0xz  T_2.20, 6;
    %jmp T_2.21;
T_2.20 ;
    %vpi_call/w 3 81 "$display", "FAIL LH positive: got %h", v0x6000019ac5a0_0 {0 0 0};
    %load/vec4 v0x6000019ac3f0_0;
    %addi 1, 0, 32;
    %store/vec4 v0x6000019ac3f0_0, 0, 32;
T_2.21 ;
    %pushi/vec4 2864434397, 0, 32;
    %store/vec4 v0x6000019ac510_0, 0, 32;
    %pushi/vec4 5, 0, 3;
    %store/vec4 v0x6000019ac480_0, 0, 3;
    %pushi/vec4 0, 0, 2;
    %store/vec4 v0x6000019ac360_0, 0, 2;
    %delay 1, 0;
    %load/vec4 v0x6000019ac5a0_0;
    %cmpi/e 52445, 0, 32;
    %jmp/0xz  T_2.22, 6;
    %jmp T_2.23;
T_2.22 ;
    %vpi_call/w 3 89 "$display", "FAIL LHU offset=0: got %h", v0x6000019ac5a0_0 {0 0 0};
    %load/vec4 v0x6000019ac3f0_0;
    %addi 1, 0, 32;
    %store/vec4 v0x6000019ac3f0_0, 0, 32;
T_2.23 ;
    %pushi/vec4 2, 0, 2;
    %store/vec4 v0x6000019ac360_0, 0, 2;
    %delay 1, 0;
    %load/vec4 v0x6000019ac5a0_0;
    %cmpi/e 43707, 0, 32;
    %jmp/0xz  T_2.24, 6;
    %jmp T_2.25;
T_2.24 ;
    %vpi_call/w 3 93 "$display", "FAIL LHU offset=2: got %h", v0x6000019ac5a0_0 {0 0 0};
    %load/vec4 v0x6000019ac3f0_0;
    %addi 1, 0, 32;
    %store/vec4 v0x6000019ac3f0_0, 0, 32;
T_2.25 ;
    %load/vec4 v0x6000019ac3f0_0;
    %cmpi/e 0, 0, 32;
    %jmp/0xz  T_2.26, 4;
    %vpi_call/w 3 97 "$display", "ALL TESTS PASSED" {0 0 0};
    %jmp T_2.27;
T_2.26 ;
    %vpi_call/w 3 99 "$display", "TEST FAILED with %0d errors", v0x6000019ac3f0_0 {0 0 0};
T_2.27 ;
    %vpi_call/w 3 101 "$finish" {0 0 0};
    %end;
    .thread T_2;
# The file index is used to find the file name in the following table.
:file_names 5;
    "N/A";
    "<interactive>";
    "-";
    "LOAD_UNIT_TEST.sv";
    "LOAD_UNIT.sv";
