#! /opt/homebrew/Cellar/icarus-verilog/13.0/bin/vvp
:ivl_version "13.0 (stable)" "(v13_0)";
:ivl_delay_selection "TYPICAL";
:vpi_time_precision + 0;
:vpi_module "/opt/homebrew/Cellar/icarus-verilog/13.0/lib/ivl/system.vpi";
:vpi_module "/opt/homebrew/Cellar/icarus-verilog/13.0/lib/ivl/vhdl_sys.vpi";
:vpi_module "/opt/homebrew/Cellar/icarus-verilog/13.0/lib/ivl/vhdl_textio.vpi";
:vpi_module "/opt/homebrew/Cellar/icarus-verilog/13.0/lib/ivl/v2005_math.vpi";
:vpi_module "/opt/homebrew/Cellar/icarus-verilog/13.0/lib/ivl/va_math.vpi";
:vpi_module "/opt/homebrew/Cellar/icarus-verilog/13.0/lib/ivl/v2009.vpi";
S_0x115e08ac0 .scope package, "$unit" "$unit" 2 1;
 .timescale 0 0;
S_0x115e0a6c0 .scope module, "BRANCH_UNIT_TEST" "BRANCH_UNIT_TEST" 3 1;
 .timescale 0 0;
v0x6000034883f0_0 .net "branch_taken", 0 0, v0x600003488000_0;  1 drivers
v0x600003488480_0 .var/2s "error", 31 0;
v0x600003488510_0 .var "funct3", 2 0;
v0x6000034885a0_0 .var "imm", 31 0;
v0x600003488630_0 .var "pc", 31 0;
v0x6000034886c0_0 .var "rs1", 31 0;
v0x600003488750_0 .var "rs2", 31 0;
v0x6000034887e0_0 .net "target_pc", 31 0, v0x600003488360_0;  1 drivers
S_0x115e042c0 .scope module, "dut" "BRANCH_UNIT" 3 8, 4 6 0, S_0x115e0a6c0;
 .timescale 0 0;
    .port_info 0 /INPUT 3 "funct3";
    .port_info 1 /INPUT 32 "rs1";
    .port_info 2 /INPUT 32 "rs2";
    .port_info 3 /INPUT 32 "pc";
    .port_info 4 /INPUT 32 "imm";
    .port_info 5 /OUTPUT 1 "branch_taken";
    .port_info 6 /OUTPUT 32 "target_pc";
v0x600003488000_0 .var "branch_taken", 0 0;
v0x600003488090_0 .net "funct3", 2 0, v0x600003488510_0;  1 drivers
v0x600003488120_0 .net "imm", 31 0, v0x6000034885a0_0;  1 drivers
v0x6000034881b0_0 .net "pc", 31 0, v0x600003488630_0;  1 drivers
v0x600003488240_0 .net "rs1", 31 0, v0x6000034886c0_0;  1 drivers
v0x6000034882d0_0 .net "rs2", 31 0, v0x600003488750_0;  1 drivers
v0x600003488360_0 .var "target_pc", 31 0;
E_0x600001381540/0 .event anyedge, v0x6000034881b0_0, v0x600003488120_0, v0x600003488090_0, v0x600003488240_0;
E_0x600001381540/1 .event anyedge, v0x6000034882d0_0;
E_0x600001381540 .event/or E_0x600001381540/0, E_0x600001381540/1;
    .scope S_0x115e042c0;
T_0 ;
Ewait_0 .event/or E_0x600001381540, E_0x0;
    %wait Ewait_0;
    %load/vec4 v0x6000034881b0_0;
    %load/vec4 v0x600003488120_0;
    %add;
    %store/vec4 v0x600003488360_0, 0, 32;
    %load/vec4 v0x600003488090_0;
    %dup/vec4;
    %pushi/vec4 0, 0, 3;
    %cmp/u;
    %jmp/1 T_0.0, 6;
    %dup/vec4;
    %pushi/vec4 1, 0, 3;
    %cmp/u;
    %jmp/1 T_0.1, 6;
    %dup/vec4;
    %pushi/vec4 4, 0, 3;
    %cmp/u;
    %jmp/1 T_0.2, 6;
    %dup/vec4;
    %pushi/vec4 5, 0, 3;
    %cmp/u;
    %jmp/1 T_0.3, 6;
    %dup/vec4;
    %pushi/vec4 6, 0, 3;
    %cmp/u;
    %jmp/1 T_0.4, 6;
    %dup/vec4;
    %pushi/vec4 7, 0, 3;
    %cmp/u;
    %jmp/1 T_0.5, 6;
    %pushi/vec4 0, 0, 1;
    %store/vec4 v0x600003488000_0, 0, 1;
    %jmp T_0.7;
T_0.0 ;
    %load/vec4 v0x600003488240_0;
    %load/vec4 v0x6000034882d0_0;
    %cmp/e;
    %flag_get/vec4 4;
    %store/vec4 v0x600003488000_0, 0, 1;
    %jmp T_0.7;
T_0.1 ;
    %load/vec4 v0x600003488240_0;
    %load/vec4 v0x6000034882d0_0;
    %cmp/ne;
    %flag_get/vec4 4;
    %store/vec4 v0x600003488000_0, 0, 1;
    %jmp T_0.7;
T_0.2 ;
    %load/vec4 v0x600003488240_0;
    %load/vec4 v0x6000034882d0_0;
    %cmp/s;
    %flag_get/vec4 5;
    %store/vec4 v0x600003488000_0, 0, 1;
    %jmp T_0.7;
T_0.3 ;
    %load/vec4 v0x6000034882d0_0;
    %load/vec4 v0x600003488240_0;
    %cmp/s;
    %flag_get/vec4 4;
    %flag_get/vec4 5;
    %or;
    %store/vec4 v0x600003488000_0, 0, 1;
    %jmp T_0.7;
T_0.4 ;
    %load/vec4 v0x600003488240_0;
    %load/vec4 v0x6000034882d0_0;
    %cmp/u;
    %flag_get/vec4 5;
    %store/vec4 v0x600003488000_0, 0, 1;
    %jmp T_0.7;
T_0.5 ;
    %load/vec4 v0x6000034882d0_0;
    %load/vec4 v0x600003488240_0;
    %cmp/u;
    %flag_get/vec4 4;
    %flag_get/vec4 5;
    %or;
    %store/vec4 v0x600003488000_0, 0, 1;
    %jmp T_0.7;
T_0.7 ;
    %pop/vec4 1;
    %jmp T_0;
    .thread T_0, $push;
    .scope S_0x115e0a6c0;
T_1 ;
    %pushi/vec4 0, 0, 32;
    %store/vec4 v0x600003488480_0, 0, 32;
    %end;
    .thread T_1, $init;
    .scope S_0x115e0a6c0;
T_2 ;
    %vpi_call/w 3 19 "$dumpfile", "BRANCH_UNIT.vcd" {0 0 0};
    %vpi_call/w 3 20 "$dumpvars", 32'sb00000000000000000000000000000000, S_0x115e0a6c0 {0 0 0};
    %pushi/vec4 4096, 0, 32;
    %store/vec4 v0x600003488630_0, 0, 32;
    %pushi/vec4 16, 0, 32;
    %store/vec4 v0x6000034885a0_0, 0, 32;
    %pushi/vec4 0, 0, 3;
    %store/vec4 v0x600003488510_0, 0, 3;
    %pushi/vec4 5, 0, 32;
    %store/vec4 v0x6000034886c0_0, 0, 32;
    %pushi/vec4 5, 0, 32;
    %store/vec4 v0x600003488750_0, 0, 32;
    %delay 1, 0;
    %load/vec4 v0x6000034883f0_0;
    %pad/u 32;
    %cmpi/e 1, 0, 32;
    %flag_get/vec4 6;
    %jmp/0 T_2.2, 6;
    %load/vec4 v0x6000034887e0_0;
    %pushi/vec4 4112, 0, 32;
    %cmp/e;
    %flag_get/vec4 6;
    %and;
T_2.2;
    %flag_set/vec4 8;
    %jmp/0xz  T_2.0, 8;
    %jmp T_2.1;
T_2.0 ;
    %vpi_call/w 3 28 "$display", "FAIL BEQ taken: taken=%b target=%h", v0x6000034883f0_0, v0x6000034887e0_0 {0 0 0};
    %load/vec4 v0x600003488480_0;
    %addi 1, 0, 32;
    %store/vec4 v0x600003488480_0, 0, 32;
T_2.1 ;
    %pushi/vec4 5, 0, 32;
    %store/vec4 v0x6000034886c0_0, 0, 32;
    %pushi/vec4 6, 0, 32;
    %store/vec4 v0x600003488750_0, 0, 32;
    %delay 1, 0;
    %load/vec4 v0x6000034883f0_0;
    %pad/u 32;
    %cmpi/e 0, 0, 32;
    %jmp/0xz  T_2.3, 6;
    %jmp T_2.4;
T_2.3 ;
    %vpi_call/w 3 33 "$display", "FAIL BEQ not taken" {0 0 0};
    %load/vec4 v0x600003488480_0;
    %addi 1, 0, 32;
    %store/vec4 v0x600003488480_0, 0, 32;
T_2.4 ;
    %pushi/vec4 1, 0, 3;
    %store/vec4 v0x600003488510_0, 0, 3;
    %pushi/vec4 5, 0, 32;
    %store/vec4 v0x6000034886c0_0, 0, 32;
    %pushi/vec4 6, 0, 32;
    %store/vec4 v0x600003488750_0, 0, 32;
    %delay 1, 0;
    %load/vec4 v0x6000034883f0_0;
    %pad/u 32;
    %cmpi/e 1, 0, 32;
    %jmp/0xz  T_2.5, 6;
    %jmp T_2.6;
T_2.5 ;
    %vpi_call/w 3 40 "$display", "FAIL BNE taken" {0 0 0};
    %load/vec4 v0x600003488480_0;
    %addi 1, 0, 32;
    %store/vec4 v0x600003488480_0, 0, 32;
T_2.6 ;
    %pushi/vec4 5, 0, 32;
    %store/vec4 v0x6000034886c0_0, 0, 32;
    %pushi/vec4 5, 0, 32;
    %store/vec4 v0x600003488750_0, 0, 32;
    %delay 1, 0;
    %load/vec4 v0x6000034883f0_0;
    %pad/u 32;
    %cmpi/e 0, 0, 32;
    %jmp/0xz  T_2.7, 6;
    %jmp T_2.8;
T_2.7 ;
    %vpi_call/w 3 45 "$display", "FAIL BNE not taken" {0 0 0};
    %load/vec4 v0x600003488480_0;
    %addi 1, 0, 32;
    %store/vec4 v0x600003488480_0, 0, 32;
T_2.8 ;
    %pushi/vec4 4, 0, 3;
    %store/vec4 v0x600003488510_0, 0, 3;
    %pushi/vec4 4294967295, 0, 32;
    %store/vec4 v0x6000034886c0_0, 0, 32;
    %pushi/vec4 0, 0, 32;
    %store/vec4 v0x600003488750_0, 0, 32;
    %delay 1, 0;
    %load/vec4 v0x6000034883f0_0;
    %pad/u 32;
    %cmpi/e 1, 0, 32;
    %jmp/0xz  T_2.9, 6;
    %jmp T_2.10;
T_2.9 ;
    %vpi_call/w 3 52 "$display", "FAIL BLT -1<0" {0 0 0};
    %load/vec4 v0x600003488480_0;
    %addi 1, 0, 32;
    %store/vec4 v0x600003488480_0, 0, 32;
T_2.10 ;
    %pushi/vec4 1, 0, 32;
    %store/vec4 v0x6000034886c0_0, 0, 32;
    %pushi/vec4 0, 0, 32;
    %store/vec4 v0x600003488750_0, 0, 32;
    %delay 1, 0;
    %load/vec4 v0x6000034883f0_0;
    %pad/u 32;
    %cmpi/e 0, 0, 32;
    %jmp/0xz  T_2.11, 6;
    %jmp T_2.12;
T_2.11 ;
    %vpi_call/w 3 57 "$display", "FAIL BLT 1<0" {0 0 0};
    %load/vec4 v0x600003488480_0;
    %addi 1, 0, 32;
    %store/vec4 v0x600003488480_0, 0, 32;
T_2.12 ;
    %pushi/vec4 5, 0, 32;
    %store/vec4 v0x6000034886c0_0, 0, 32;
    %pushi/vec4 5, 0, 32;
    %store/vec4 v0x600003488750_0, 0, 32;
    %delay 1, 0;
    %load/vec4 v0x6000034883f0_0;
    %pad/u 32;
    %cmpi/e 0, 0, 32;
    %jmp/0xz  T_2.13, 6;
    %jmp T_2.14;
T_2.13 ;
    %vpi_call/w 3 62 "$display", "FAIL BLT equal" {0 0 0};
    %load/vec4 v0x600003488480_0;
    %addi 1, 0, 32;
    %store/vec4 v0x600003488480_0, 0, 32;
T_2.14 ;
    %pushi/vec4 5, 0, 3;
    %store/vec4 v0x600003488510_0, 0, 3;
    %pushi/vec4 0, 0, 32;
    %store/vec4 v0x6000034886c0_0, 0, 32;
    %pushi/vec4 4294967295, 0, 32;
    %store/vec4 v0x600003488750_0, 0, 32;
    %delay 1, 0;
    %load/vec4 v0x6000034883f0_0;
    %pad/u 32;
    %cmpi/e 1, 0, 32;
    %jmp/0xz  T_2.15, 6;
    %jmp T_2.16;
T_2.15 ;
    %vpi_call/w 3 69 "$display", "FAIL BGE 0>=-1" {0 0 0};
    %load/vec4 v0x600003488480_0;
    %addi 1, 0, 32;
    %store/vec4 v0x600003488480_0, 0, 32;
T_2.16 ;
    %pushi/vec4 5, 0, 32;
    %store/vec4 v0x6000034886c0_0, 0, 32;
    %pushi/vec4 5, 0, 32;
    %store/vec4 v0x600003488750_0, 0, 32;
    %delay 1, 0;
    %load/vec4 v0x6000034883f0_0;
    %pad/u 32;
    %cmpi/e 1, 0, 32;
    %jmp/0xz  T_2.17, 6;
    %jmp T_2.18;
T_2.17 ;
    %vpi_call/w 3 74 "$display", "FAIL BGE equal" {0 0 0};
    %load/vec4 v0x600003488480_0;
    %addi 1, 0, 32;
    %store/vec4 v0x600003488480_0, 0, 32;
T_2.18 ;
    %pushi/vec4 4294967295, 0, 32;
    %store/vec4 v0x6000034886c0_0, 0, 32;
    %pushi/vec4 1, 0, 32;
    %store/vec4 v0x600003488750_0, 0, 32;
    %delay 1, 0;
    %load/vec4 v0x6000034883f0_0;
    %pad/u 32;
    %cmpi/e 0, 0, 32;
    %jmp/0xz  T_2.19, 6;
    %jmp T_2.20;
T_2.19 ;
    %vpi_call/w 3 79 "$display", "FAIL BGE -1>=1" {0 0 0};
    %load/vec4 v0x600003488480_0;
    %addi 1, 0, 32;
    %store/vec4 v0x600003488480_0, 0, 32;
T_2.20 ;
    %pushi/vec4 6, 0, 3;
    %store/vec4 v0x600003488510_0, 0, 3;
    %pushi/vec4 0, 0, 32;
    %store/vec4 v0x6000034886c0_0, 0, 32;
    %pushi/vec4 4294967295, 0, 32;
    %store/vec4 v0x600003488750_0, 0, 32;
    %delay 1, 0;
    %load/vec4 v0x6000034883f0_0;
    %pad/u 32;
    %cmpi/e 1, 0, 32;
    %jmp/0xz  T_2.21, 6;
    %jmp T_2.22;
T_2.21 ;
    %vpi_call/w 3 86 "$display", "FAIL BLTU 0<0xFFFF" {0 0 0};
    %load/vec4 v0x600003488480_0;
    %addi 1, 0, 32;
    %store/vec4 v0x600003488480_0, 0, 32;
T_2.22 ;
    %pushi/vec4 4294967295, 0, 32;
    %store/vec4 v0x6000034886c0_0, 0, 32;
    %pushi/vec4 0, 0, 32;
    %store/vec4 v0x600003488750_0, 0, 32;
    %delay 1, 0;
    %load/vec4 v0x6000034883f0_0;
    %pad/u 32;
    %cmpi/e 0, 0, 32;
    %jmp/0xz  T_2.23, 6;
    %jmp T_2.24;
T_2.23 ;
    %vpi_call/w 3 91 "$display", "FAIL BLTU 0xFFFF<0" {0 0 0};
    %load/vec4 v0x600003488480_0;
    %addi 1, 0, 32;
    %store/vec4 v0x600003488480_0, 0, 32;
T_2.24 ;
    %pushi/vec4 7, 0, 3;
    %store/vec4 v0x600003488510_0, 0, 3;
    %pushi/vec4 4294967295, 0, 32;
    %store/vec4 v0x6000034886c0_0, 0, 32;
    %pushi/vec4 0, 0, 32;
    %store/vec4 v0x600003488750_0, 0, 32;
    %delay 1, 0;
    %load/vec4 v0x6000034883f0_0;
    %pad/u 32;
    %cmpi/e 1, 0, 32;
    %jmp/0xz  T_2.25, 6;
    %jmp T_2.26;
T_2.25 ;
    %vpi_call/w 3 98 "$display", "FAIL BGEU 0xFFFF>=0" {0 0 0};
    %load/vec4 v0x600003488480_0;
    %addi 1, 0, 32;
    %store/vec4 v0x600003488480_0, 0, 32;
T_2.26 ;
    %pushi/vec4 5, 0, 32;
    %store/vec4 v0x6000034886c0_0, 0, 32;
    %pushi/vec4 5, 0, 32;
    %store/vec4 v0x600003488750_0, 0, 32;
    %delay 1, 0;
    %load/vec4 v0x6000034883f0_0;
    %pad/u 32;
    %cmpi/e 1, 0, 32;
    %jmp/0xz  T_2.27, 6;
    %jmp T_2.28;
T_2.27 ;
    %vpi_call/w 3 103 "$display", "FAIL BGEU equal" {0 0 0};
    %load/vec4 v0x600003488480_0;
    %addi 1, 0, 32;
    %store/vec4 v0x600003488480_0, 0, 32;
T_2.28 ;
    %pushi/vec4 0, 0, 32;
    %store/vec4 v0x6000034886c0_0, 0, 32;
    %pushi/vec4 4294967295, 0, 32;
    %store/vec4 v0x600003488750_0, 0, 32;
    %delay 1, 0;
    %load/vec4 v0x6000034883f0_0;
    %pad/u 32;
    %cmpi/e 0, 0, 32;
    %jmp/0xz  T_2.29, 6;
    %jmp T_2.30;
T_2.29 ;
    %vpi_call/w 3 108 "$display", "FAIL BGEU 0>=0xFFFF" {0 0 0};
    %load/vec4 v0x600003488480_0;
    %addi 1, 0, 32;
    %store/vec4 v0x600003488480_0, 0, 32;
T_2.30 ;
    %pushi/vec4 8192, 0, 32;
    %store/vec4 v0x600003488630_0, 0, 32;
    %pushi/vec4 4294967280, 0, 32;
    %store/vec4 v0x6000034885a0_0, 0, 32;
    %pushi/vec4 0, 0, 3;
    %store/vec4 v0x600003488510_0, 0, 3;
    %pushi/vec4 1, 0, 32;
    %store/vec4 v0x6000034886c0_0, 0, 32;
    %pushi/vec4 1, 0, 32;
    %store/vec4 v0x600003488750_0, 0, 32;
    %delay 1, 0;
    %load/vec4 v0x6000034887e0_0;
    %cmpi/e 8176, 0, 32;
    %jmp/0xz  T_2.31, 6;
    %jmp T_2.32;
T_2.31 ;
    %vpi_call/w 3 115 "$display", "FAIL target_pc negative offset: got %h", v0x6000034887e0_0 {0 0 0};
    %load/vec4 v0x600003488480_0;
    %addi 1, 0, 32;
    %store/vec4 v0x600003488480_0, 0, 32;
T_2.32 ;
    %load/vec4 v0x600003488480_0;
    %cmpi/e 0, 0, 32;
    %jmp/0xz  T_2.33, 4;
    %vpi_call/w 3 119 "$display", "ALL TESTS PASSED" {0 0 0};
    %jmp T_2.34;
T_2.33 ;
    %vpi_call/w 3 121 "$display", "TEST FAILED with %0d errors", v0x600003488480_0 {0 0 0};
T_2.34 ;
    %vpi_call/w 3 123 "$finish" {0 0 0};
    %end;
    .thread T_2;
# The file index is used to find the file name in the following table.
:file_names 5;
    "N/A";
    "<interactive>";
    "-";
    "BRANCH_UNIT_TEST.sv";
    "BRANCH_UNIT.sv";
