#! /opt/homebrew/Cellar/icarus-verilog/13.0/bin/vvp
:ivl_version "13.0 (stable)" "(v13_0)";
:ivl_delay_selection "TYPICAL";
:vpi_time_precision + 0;
:vpi_module "/opt/homebrew/Cellar/icarus-verilog/13.0/lib/ivl/system.vpi";
:vpi_module "/opt/homebrew/Cellar/icarus-verilog/13.0/lib/ivl/vhdl_sys.vpi";
:vpi_module "/opt/homebrew/Cellar/icarus-verilog/13.0/lib/ivl/vhdl_textio.vpi";
:vpi_module "/opt/homebrew/Cellar/icarus-verilog/13.0/lib/ivl/v2005_math.vpi";
:vpi_module "/opt/homebrew/Cellar/icarus-verilog/13.0/lib/ivl/va_math.vpi";
:vpi_module "/opt/homebrew/Cellar/icarus-verilog/13.0/lib/ivl/v2009.vpi";
S_0x13a704080 .scope package, "$unit" "$unit" 2 1;
 .timescale 0 0;
S_0x13a7041f0 .scope module, "CPU_SINGLE_CYCLE_TEST" "CPU_SINGLE_CYCLE_TEST" 3 4;
 .timescale 0 0;
L_0x600003b887e0 .functor BUFZ 32, L_0x600002185ae0, C4<00000000000000000000000000000000>, C4<00000000000000000000000000000000>, C4<00000000000000000000000000000000>;
L_0x600003b88850 .functor BUFZ 32, L_0x600002185cc0, C4<00000000000000000000000000000000>, C4<00000000000000000000000000000000>, C4<00000000000000000000000000000000>;
L_0x1300407a8 .functor BUFT 1, C4<00>, C4<0>, C4<0>, C4<0>;
v0x60000228ccf0_0 .net *"_ivl_11", 1 0, L_0x1300407a8;  1 drivers
v0x60000228cd80_0 .net *"_ivl_14", 31 0, L_0x600002185cc0;  1 drivers
v0x60000228ce10_0 .net *"_ivl_17", 7 0, L_0x600002185d60;  1 drivers
v0x60000228cea0_0 .net *"_ivl_18", 9 0, L_0x600002185e00;  1 drivers
L_0x1300407f0 .functor BUFT 1, C4<00>, C4<0>, C4<0>, C4<0>;
v0x60000228cf30_0 .net *"_ivl_21", 1 0, L_0x1300407f0;  1 drivers
v0x60000228cfc0_0 .net *"_ivl_4", 31 0, L_0x600002185ae0;  1 drivers
v0x60000228d050_0 .net *"_ivl_7", 7 0, L_0x600002185b80;  1 drivers
v0x60000228d0e0_0 .net *"_ivl_8", 9 0, L_0x600002185c20;  1 drivers
v0x60000228d170_0 .var "clk", 0 0;
v0x60000228d200_0 .var/2s "error", 31 0;
v0x60000228d290_0 .net "instr_addr", 31 0, L_0x600003b88070;  1 drivers
v0x60000228d320_0 .net "instr_data", 31 0, L_0x600003b887e0;  1 drivers
v0x60000228d3b0_0 .net "mem_addr", 31 0, L_0x600003b885b0;  1 drivers
v0x60000228d440_0 .net "mem_byte_mask", 3 0, L_0x600003b88690;  1 drivers
v0x60000228d4d0_0 .net "mem_read_data", 31 0, L_0x600003b88850;  1 drivers
v0x60000228d560_0 .net "mem_read_en", 0 0, L_0x600002185360;  1 drivers
v0x60000228d5f0_0 .net "mem_write_data", 31 0, L_0x600003b88620;  1 drivers
v0x60000228d680_0 .net "mem_write_en", 0 0, L_0x600003b88540;  1 drivers
v0x60000228d710 .array "ram", 255 0, 31 0;
v0x60000228d7a0_0 .var "reset", 0 0;
v0x60000228d830 .array "rom", 255 0, 31 0;
L_0x600002185ae0 .array/port v0x60000228d830, L_0x600002185c20;
L_0x600002185b80 .part L_0x600003b88070, 2, 8;
L_0x600002185c20 .concat [ 8 2 0 0], L_0x600002185b80, L_0x1300407a8;
L_0x600002185cc0 .array/port v0x60000228d710, L_0x600002185e00;
L_0x600002185d60 .part L_0x600003b885b0, 2, 8;
L_0x600002185e00 .concat [ 8 2 0 0], L_0x600002185d60, L_0x1300407f0;
S_0x13a704360 .scope begin, "$ivl_for_loop0" "$ivl_for_loop0" 3 46, 3 46 0, S_0x13a7041f0;
 .timescale 0 0;
v0x600002288000_0 .var/2s "i", 31 0;
S_0x13a7044d0 .scope begin, "$ivl_for_loop1" "$ivl_for_loop1" 3 86, 3 86 0, S_0x13a7041f0;
 .timescale 0 0;
v0x600002288090_0 .var/2s "i", 31 0;
S_0x13a704640 .scope module, "dut" "CPU_SINGLE_CYCLE" 3 15, 4 6 0, S_0x13a7041f0;
 .timescale 0 0;
    .port_info 0 /INPUT 1 "clk";
    .port_info 1 /INPUT 1 "reset";
    .port_info 2 /OUTPUT 32 "instr_addr";
    .port_info 3 /INPUT 32 "instr_data";
    .port_info 4 /OUTPUT 1 "mem_read_en";
    .port_info 5 /OUTPUT 1 "mem_write_en";
    .port_info 6 /OUTPUT 32 "mem_addr";
    .port_info 7 /OUTPUT 32 "mem_write_data";
    .port_info 8 /OUTPUT 4 "mem_byte_mask";
    .port_info 9 /INPUT 32 "mem_read_data";
    .port_info 10 /INPUT 1 "dbg_halt";
    .port_info 11 /INPUT 1 "dbg_step";
    .port_info 12 /OUTPUT 1 "dbg_is_halted";
    .port_info 13 /OUTPUT 32 "dbg_current_pc";
    .port_info 14 /OUTPUT 32 "dbg_current_instr";
P_0x13a7047b0 .param/l "DEBUG_ENABLE" 0 4 7, +C4<00000000000000000000000000000000>;
P_0x13a7047f0 .param/l "OP_AUIPC" 1 4 40, C4<0010111>;
P_0x13a704830 .param/l "OP_BRANCH" 1 4 36, C4<1100011>;
P_0x13a704870 .param/l "OP_I_ALU" 1 4 33, C4<0010011>;
P_0x13a7048b0 .param/l "OP_JAL" 1 4 37, C4<1101111>;
P_0x13a7048f0 .param/l "OP_JALR" 1 4 38, C4<1100111>;
P_0x13a704930 .param/l "OP_LOAD" 1 4 34, C4<0000011>;
P_0x13a704970 .param/l "OP_LUI" 1 4 39, C4<0110111>;
P_0x13a7049b0 .param/l "OP_R" 1 4 32, C4<0110011>;
P_0x13a7049f0 .param/l "OP_STORE" 1 4 35, C4<0100011>;
L_0x600003b88070 .functor BUFZ 32, v0x60000228c630_0, C4<00000000000000000000000000000000>, C4<00000000000000000000000000000000>, C4<00000000000000000000000000000000>;
L_0x600003b880e0 .functor BUFZ 32, L_0x600003b887e0, C4<00000000000000000000000000000000>, C4<00000000000000000000000000000000>, C4<00000000000000000000000000000000>;
L_0x600003b88230 .functor AND 1, v0x60000228cc60_0, L_0x6000021846e0, C4<1>, C4<1>;
L_0x600003b882a0 .functor OR 1, L_0x600002184780, L_0x600002184820, C4<0>, C4<0>;
L_0x600003b88380 .functor OR 1, L_0x600002184aa0, L_0x600002184b40, C4<0>, C4<0>;
L_0x600003b883f0 .functor OR 1, L_0x600003b88380, L_0x600002184be0, C4<0>, C4<0>;
L_0x600003b88310 .functor OR 1, L_0x600003b883f0, L_0x600002184c80, C4<0>, C4<0>;
L_0x600003b88460 .functor OR 1, L_0x600003b88310, L_0x600002184d20, C4<0>, C4<0>;
L_0x600003b884d0 .functor AND 1, L_0x600002184f00, L_0x600002185040, C4<1>, C4<1>;
L_0x600003b88540 .functor AND 1, L_0x600002185400, L_0x6000021854a0, C4<1>, C4<1>;
L_0x600003b885b0 .functor BUFZ 32, v0x6000022883f0_0, C4<00000000000000000000000000000000>, C4<00000000000000000000000000000000>, C4<00000000000000000000000000000000>;
L_0x600003b88620 .functor BUFZ 32, v0x600002289950_0, C4<00000000000000000000000000000000>, C4<00000000000000000000000000000000>, C4<00000000000000000000000000000000>;
L_0x600003b88690 .functor BUFZ 4, v0x600002289710_0, C4<0000>, C4<0000>, C4<0000>;
L_0x600003b88770 .functor AND 1, L_0x6000021857c0, v0x600002288480_0, C4<1>, C4<1>;
L_0x130040520 .functor BUFT 1, C4<0000011>, C4<0>, C4<0>, C4<0>;
v0x6000022899e0_0 .net/2u *"_ivl_100", 6 0, L_0x130040520;  1 drivers
L_0x130040568 .functor BUFT 1, C4<0100011>, C4<0>, C4<0>, C4<0>;
v0x600002289a70_0 .net/2u *"_ivl_104", 6 0, L_0x130040568;  1 drivers
v0x600002289b00_0 .net *"_ivl_106", 0 0, L_0x600002185400;  1 drivers
v0x600002289b90_0 .net *"_ivl_109", 0 0, L_0x6000021854a0;  1 drivers
v0x600002289c20_0 .net *"_ivl_119", 30 0, L_0x600002185540;  1 drivers
L_0x1300405b0 .functor BUFT 1, C4<0>, C4<0>, C4<0>, C4<0>;
v0x600002289cb0_0 .net/2u *"_ivl_120", 0 0, L_0x1300405b0;  1 drivers
L_0x1300405f8 .functor BUFT 1, C4<1100111>, C4<0>, C4<0>, C4<0>;
v0x600002289d40_0 .net/2u *"_ivl_124", 6 0, L_0x1300405f8;  1 drivers
v0x600002289dd0_0 .net *"_ivl_126", 0 0, L_0x600002185680;  1 drivers
L_0x130040640 .functor BUFT 1, C4<1101111>, C4<0>, C4<0>, C4<0>;
v0x600002289e60_0 .net/2u *"_ivl_128", 6 0, L_0x130040640;  1 drivers
v0x600002289ef0_0 .net *"_ivl_130", 0 0, L_0x600002185720;  1 drivers
L_0x130040688 .functor BUFT 1, C4<1100011>, C4<0>, C4<0>, C4<0>;
v0x600002289f80_0 .net/2u *"_ivl_132", 6 0, L_0x130040688;  1 drivers
v0x60000228a010_0 .net *"_ivl_134", 0 0, L_0x6000021857c0;  1 drivers
v0x60000228a0a0_0 .net *"_ivl_137", 0 0, L_0x600003b88770;  1 drivers
L_0x1300406d0 .functor BUFT 1, C4<00000000000000000000000000000100>, C4<0>, C4<0>, C4<0>;
v0x60000228a130_0 .net/2u *"_ivl_138", 31 0, L_0x1300406d0;  1 drivers
v0x60000228a1c0_0 .net *"_ivl_140", 31 0, L_0x600002185860;  1 drivers
v0x60000228a250_0 .net *"_ivl_142", 31 0, L_0x600002185900;  1 drivers
v0x60000228a2e0_0 .net *"_ivl_144", 31 0, L_0x6000021859a0;  1 drivers
v0x60000228a370_0 .net *"_ivl_23", 0 0, L_0x6000021846e0;  1 drivers
L_0x1300401c0 .functor BUFT 1, C4<0010111>, C4<0>, C4<0>, C4<0>;
v0x60000228a400_0 .net/2u *"_ivl_26", 6 0, L_0x1300401c0;  1 drivers
v0x60000228a490_0 .net *"_ivl_28", 0 0, L_0x600002184780;  1 drivers
L_0x130040208 .functor BUFT 1, C4<1101111>, C4<0>, C4<0>, C4<0>;
v0x60000228a520_0 .net/2u *"_ivl_30", 6 0, L_0x130040208;  1 drivers
v0x60000228a5b0_0 .net *"_ivl_32", 0 0, L_0x600002184820;  1 drivers
v0x60000228a640_0 .net *"_ivl_35", 0 0, L_0x600003b882a0;  1 drivers
L_0x130040250 .functor BUFT 1, C4<0110011>, C4<0>, C4<0>, C4<0>;
v0x60000228a6d0_0 .net/2u *"_ivl_38", 6 0, L_0x130040250;  1 drivers
v0x60000228a760_0 .net *"_ivl_40", 0 0, L_0x600002184960;  1 drivers
L_0x130040298 .functor BUFT 1, C4<0000011>, C4<0>, C4<0>, C4<0>;
v0x60000228a7f0_0 .net/2u *"_ivl_44", 6 0, L_0x130040298;  1 drivers
v0x60000228a880_0 .net *"_ivl_46", 0 0, L_0x600002184aa0;  1 drivers
L_0x1300402e0 .functor BUFT 1, C4<0100011>, C4<0>, C4<0>, C4<0>;
v0x60000228a910_0 .net/2u *"_ivl_48", 6 0, L_0x1300402e0;  1 drivers
v0x60000228a9a0_0 .net *"_ivl_50", 0 0, L_0x600002184b40;  1 drivers
v0x60000228aa30_0 .net *"_ivl_53", 0 0, L_0x600003b88380;  1 drivers
L_0x130040328 .functor BUFT 1, C4<1100111>, C4<0>, C4<0>, C4<0>;
v0x60000228aac0_0 .net/2u *"_ivl_54", 6 0, L_0x130040328;  1 drivers
v0x60000228ab50_0 .net *"_ivl_56", 0 0, L_0x600002184be0;  1 drivers
v0x60000228abe0_0 .net *"_ivl_59", 0 0, L_0x600003b883f0;  1 drivers
L_0x130040370 .functor BUFT 1, C4<0010111>, C4<0>, C4<0>, C4<0>;
v0x60000228ac70_0 .net/2u *"_ivl_60", 6 0, L_0x130040370;  1 drivers
v0x60000228ad00_0 .net *"_ivl_62", 0 0, L_0x600002184c80;  1 drivers
v0x60000228ad90_0 .net *"_ivl_65", 0 0, L_0x600003b88310;  1 drivers
L_0x1300403b8 .functor BUFT 1, C4<1101111>, C4<0>, C4<0>, C4<0>;
v0x60000228ae20_0 .net/2u *"_ivl_66", 6 0, L_0x1300403b8;  1 drivers
v0x60000228aeb0_0 .net *"_ivl_68", 0 0, L_0x600002184d20;  1 drivers
L_0x130040400 .functor BUFT 1, C4<0110011>, C4<0>, C4<0>, C4<0>;
v0x60000228af40_0 .net/2u *"_ivl_72", 6 0, L_0x130040400;  1 drivers
v0x60000228afd0_0 .net *"_ivl_74", 0 0, L_0x600002184dc0;  1 drivers
v0x60000228b060_0 .net *"_ivl_77", 0 0, L_0x600002184e60;  1 drivers
L_0x130040448 .functor BUFT 1, C4<0010011>, C4<0>, C4<0>, C4<0>;
v0x60000228b0f0_0 .net/2u *"_ivl_78", 6 0, L_0x130040448;  1 drivers
v0x60000228b180_0 .net *"_ivl_80", 0 0, L_0x600002184f00;  1 drivers
L_0x130040490 .functor BUFT 1, C4<101>, C4<0>, C4<0>, C4<0>;
v0x60000228b210_0 .net/2u *"_ivl_82", 2 0, L_0x130040490;  1 drivers
v0x60000228b2a0_0 .net *"_ivl_84", 0 0, L_0x600002185040;  1 drivers
v0x60000228b330_0 .net *"_ivl_87", 0 0, L_0x600003b884d0;  1 drivers
v0x60000228b3c0_0 .net *"_ivl_89", 0 0, L_0x6000021850e0;  1 drivers
L_0x1300404d8 .functor BUFT 1, C4<0>, C4<0>, C4<0>, C4<0>;
v0x60000228b450_0 .net/2u *"_ivl_90", 0 0, L_0x1300404d8;  1 drivers
v0x60000228b4e0_0 .net *"_ivl_92", 0 0, L_0x600002184fa0;  1 drivers
v0x60000228b570_0 .net "alu_a", 31 0, L_0x6000021848c0;  1 drivers
v0x60000228b600_0 .net "alu_b", 31 0, L_0x600002184a00;  1 drivers
v0x60000228b690_0 .net "alu_result", 31 0, v0x6000022883f0_0;  1 drivers
v0x60000228b720_0 .net "branch_taken", 0 0, v0x600002288480_0;  1 drivers
v0x60000228b7b0_0 .net "clk", 0 0, v0x60000228d170_0;  1 drivers
L_0x130040010 .functor BUFT 1, C4<0>, C4<0>, C4<0>, C4<0>;
v0x60000228b840_0 .net "cpu_stall", 0 0, L_0x130040010;  1 drivers
L_0x1300400e8 .functor BUFT 1, C4<00000000000000000000000000000000>, C4<0>, C4<0>, C4<0>;
v0x60000228b8d0_0 .net "dbg_current_instr", 31 0, L_0x1300400e8;  1 drivers
L_0x1300400a0 .functor BUFT 1, C4<00000000000000000000000000000000>, C4<0>, C4<0>, C4<0>;
v0x60000228b960_0 .net "dbg_current_pc", 31 0, L_0x1300400a0;  1 drivers
L_0x130040718 .functor BUFT 1, C4<0>, C4<0>, C4<0>, C4<0>;
v0x60000228b9f0_0 .net "dbg_halt", 0 0, L_0x130040718;  1 drivers
v0x60000228ba80_0 .var "dbg_halted_r", 0 0;
L_0x130040058 .functor BUFT 1, C4<0>, C4<0>, C4<0>, C4<0>;
v0x60000228bb10_0 .net "dbg_is_halted", 0 0, L_0x130040058;  1 drivers
L_0x130040760 .functor BUFT 1, C4<0>, C4<0>, C4<0>, C4<0>;
v0x60000228bba0_0 .net "dbg_step", 0 0, L_0x130040760;  1 drivers
v0x60000228bc30_0 .net "force_add", 0 0, L_0x600003b88460;  1 drivers
v0x60000228bcc0_0 .net "funct3", 2 0, L_0x6000021841e0;  1 drivers
v0x60000228bd50_0 .net "funct7_5", 0 0, L_0x600002185180;  1 drivers
v0x60000228bde0_0 .net "imm", 31 0, v0x600002288870_0;  1 drivers
v0x60000228be70_0 .net "instr", 31 0, L_0x600003b880e0;  1 drivers
v0x60000228bf00_0 .net "instr_addr", 31 0, L_0x600003b88070;  alias, 1 drivers
v0x60000228c000_0 .net "instr_data", 31 0, L_0x600003b887e0;  alias, 1 drivers
v0x60000228c090_0 .net "jalr_target", 31 0, L_0x6000021855e0;  1 drivers
v0x60000228c120_0 .net "load_result", 31 0, v0x600002288cf0_0;  1 drivers
v0x60000228c1b0_0 .net "mem_addr", 31 0, L_0x600003b885b0;  alias, 1 drivers
v0x60000228c240_0 .net "mem_byte_mask", 3 0, L_0x600003b88690;  alias, 1 drivers
v0x60000228c2d0_0 .net "mem_read_data", 31 0, L_0x600003b88850;  alias, 1 drivers
v0x60000228c360_0 .net "mem_read_en", 0 0, L_0x600002185360;  alias, 1 drivers
v0x60000228c3f0_0 .net "mem_write_data", 31 0, L_0x600003b88620;  alias, 1 drivers
v0x60000228c480_0 .net "mem_write_en", 0 0, L_0x600003b88540;  alias, 1 drivers
v0x60000228c510_0 .net "next_pc", 31 0, L_0x600002185a40;  1 drivers
v0x60000228c5a0_0 .net "opcode", 6 0, L_0x6000021840a0;  1 drivers
v0x60000228c630_0 .var "pc", 31 0;
v0x60000228c6c0_0 .net "rd", 4 0, L_0x600002184140;  1 drivers
v0x60000228c750_0 .net "reset", 0 0, v0x60000228d7a0_0;  1 drivers
v0x60000228c7e0_0 .net "rs1_idx", 4 0, L_0x600002184280;  1 drivers
v0x60000228c870_0 .net "rs1_val", 31 0, L_0x600003b88150;  1 drivers
v0x60000228c900_0 .net "rs2_idx", 4 0, L_0x600002184320;  1 drivers
v0x60000228c990_0 .net "rs2_val", 31 0, L_0x600003b881c0;  1 drivers
v0x60000228ca20_0 .net "store_data", 31 0, v0x600002289950_0;  1 drivers
v0x60000228cab0_0 .net "store_mask", 3 0, v0x600002289710_0;  1 drivers
v0x60000228cb40_0 .net "target_pc", 31 0, v0x6000022887e0_0;  1 drivers
v0x60000228cbd0_0 .var "wb_data", 31 0;
v0x60000228cc60_0 .var "wb_en", 0 0;
E_0x600000594240 .event posedge, v0x600002289170_0;
E_0x600000594280/0 .event anyedge, v0x60000228c5a0_0, v0x600002288cf0_0, v0x600002288630_0, v0x6000022885a0_0;
E_0x600000594280/1 .event anyedge, v0x6000022883f0_0;
E_0x600000594280 .event/or E_0x600000594280/0, E_0x600000594280/1;
L_0x6000021840a0 .part L_0x600003b880e0, 0, 7;
L_0x600002184140 .part L_0x600003b880e0, 7, 5;
L_0x6000021841e0 .part L_0x600003b880e0, 12, 3;
L_0x600002184280 .part L_0x600003b880e0, 15, 5;
L_0x600002184320 .part L_0x600003b880e0, 20, 5;
L_0x6000021846e0 .reduce/nor L_0x130040010;
L_0x600002184780 .cmp/eq 7, L_0x6000021840a0, L_0x1300401c0;
L_0x600002184820 .cmp/eq 7, L_0x6000021840a0, L_0x130040208;
L_0x6000021848c0 .functor MUXZ 32, L_0x600003b88150, v0x60000228c630_0, L_0x600003b882a0, C4<>;
L_0x600002184960 .cmp/ne 7, L_0x6000021840a0, L_0x130040250;
L_0x600002184a00 .functor MUXZ 32, L_0x600003b881c0, v0x600002288870_0, L_0x600002184960, C4<>;
L_0x600002184aa0 .cmp/eq 7, L_0x6000021840a0, L_0x130040298;
L_0x600002184b40 .cmp/eq 7, L_0x6000021840a0, L_0x1300402e0;
L_0x600002184be0 .cmp/eq 7, L_0x6000021840a0, L_0x130040328;
L_0x600002184c80 .cmp/eq 7, L_0x6000021840a0, L_0x130040370;
L_0x600002184d20 .cmp/eq 7, L_0x6000021840a0, L_0x1300403b8;
L_0x600002184dc0 .cmp/eq 7, L_0x6000021840a0, L_0x130040400;
L_0x600002184e60 .part L_0x600003b880e0, 30, 1;
L_0x600002184f00 .cmp/eq 7, L_0x6000021840a0, L_0x130040448;
L_0x600002185040 .cmp/eq 3, L_0x6000021841e0, L_0x130040490;
L_0x6000021850e0 .part L_0x600003b880e0, 30, 1;
L_0x600002184fa0 .functor MUXZ 1, L_0x1300404d8, L_0x6000021850e0, L_0x600003b884d0, C4<>;
L_0x600002185180 .functor MUXZ 1, L_0x600002184fa0, L_0x600002184e60, L_0x600002184dc0, C4<>;
L_0x600002185220 .part v0x6000022883f0_0, 0, 2;
L_0x6000021852c0 .part v0x6000022883f0_0, 0, 2;
L_0x600002185360 .cmp/eq 7, L_0x6000021840a0, L_0x130040520;
L_0x600002185400 .cmp/eq 7, L_0x6000021840a0, L_0x130040568;
L_0x6000021854a0 .reduce/nor L_0x130040010;
L_0x600002185540 .part v0x6000022883f0_0, 1, 31;
L_0x6000021855e0 .concat [ 1 31 0 0], L_0x1300405b0, L_0x600002185540;
L_0x600002185680 .cmp/eq 7, L_0x6000021840a0, L_0x1300405f8;
L_0x600002185720 .cmp/eq 7, L_0x6000021840a0, L_0x130040640;
L_0x6000021857c0 .cmp/eq 7, L_0x6000021840a0, L_0x130040688;
L_0x600002185860 .arith/sum 32, v0x60000228c630_0, L_0x1300406d0;
L_0x600002185900 .functor MUXZ 32, L_0x600002185860, v0x6000022887e0_0, L_0x600003b88770, C4<>;
L_0x6000021859a0 .functor MUXZ 32, L_0x600002185900, v0x6000022883f0_0, L_0x600002185720, C4<>;
L_0x600002185a40 .functor MUXZ 32, L_0x6000021859a0, L_0x6000021855e0, L_0x600002185680, C4<>;
S_0x13a704c10 .scope module, "alu" "CPU_ALU" 4 117, 5 4 0, S_0x13a704640;
 .timescale 0 0;
    .port_info 0 /INPUT 3 "funct3";
    .port_info 1 /INPUT 1 "funct7_5";
    .port_info 2 /INPUT 32 "a";
    .port_info 3 /INPUT 32 "b";
    .port_info 4 /INPUT 1 "force_add";
    .port_info 5 /OUTPUT 32 "result";
v0x600002288120_0 .net "a", 31 0, L_0x6000021848c0;  alias, 1 drivers
v0x6000022881b0_0 .net "b", 31 0, L_0x600002184a00;  alias, 1 drivers
v0x600002288240_0 .net "force_add", 0 0, L_0x600003b88460;  alias, 1 drivers
v0x6000022882d0_0 .net "funct3", 2 0, L_0x6000021841e0;  alias, 1 drivers
v0x600002288360_0 .net "funct7_5", 0 0, L_0x600002185180;  alias, 1 drivers
v0x6000022883f0_0 .var "result", 31 0;
E_0x6000005942c0/0 .event anyedge, v0x600002288240_0, v0x600002288120_0, v0x6000022881b0_0, v0x6000022882d0_0;
E_0x6000005942c0/1 .event anyedge, v0x600002288360_0;
E_0x6000005942c0 .event/or E_0x6000005942c0/0, E_0x6000005942c0/1;
S_0x13a704d80 .scope module, "branch_unit" "BRANCH_UNIT" 4 131, 6 6 0, S_0x13a704640;
 .timescale 0 0;
    .port_info 0 /INPUT 3 "funct3";
    .port_info 1 /INPUT 32 "rs1";
    .port_info 2 /INPUT 32 "rs2";
    .port_info 3 /INPUT 32 "pc";
    .port_info 4 /INPUT 32 "imm";
    .port_info 5 /OUTPUT 1 "branch_taken";
    .port_info 6 /OUTPUT 32 "target_pc";
v0x600002288480_0 .var "branch_taken", 0 0;
v0x600002288510_0 .net "funct3", 2 0, L_0x6000021841e0;  alias, 1 drivers
v0x6000022885a0_0 .net "imm", 31 0, v0x600002288870_0;  alias, 1 drivers
v0x600002288630_0 .net "pc", 31 0, v0x60000228c630_0;  1 drivers
v0x6000022886c0_0 .net "rs1", 31 0, L_0x600003b88150;  alias, 1 drivers
v0x600002288750_0 .net "rs2", 31 0, L_0x600003b881c0;  alias, 1 drivers
v0x6000022887e0_0 .var "target_pc", 31 0;
E_0x600000594380/0 .event anyedge, v0x600002288630_0, v0x6000022885a0_0, v0x6000022882d0_0, v0x6000022886c0_0;
E_0x600000594380/1 .event anyedge, v0x600002288750_0;
E_0x600000594380 .event/or E_0x600000594380/0, E_0x600000594380/1;
S_0x13a704ef0 .scope module, "imm_gen" "IMMEDIATE_GENERATOR" 4 78, 7 9 0, S_0x13a704640;
 .timescale 0 0;
    .port_info 0 /INPUT 32 "instruction";
    .port_info 1 /OUTPUT 32 "imm";
v0x600002288870_0 .var "imm", 31 0;
v0x600002288900_0 .net "instruction", 31 0, L_0x600003b880e0;  alias, 1 drivers
v0x600002288990_0 .net "opcode", 6 0, L_0x6000021843c0;  1 drivers
E_0x600000594440 .event anyedge, v0x600002288990_0, v0x600002288900_0;
L_0x6000021843c0 .part L_0x600003b880e0, 0, 7;
S_0x13a705060 .scope module, "load_unit" "LOAD_UNIT" 4 145, 8 7 0, S_0x13a704640;
 .timescale 0 0;
    .port_info 0 /INPUT 3 "funct3";
    .port_info 1 /INPUT 32 "mem_data";
    .port_info 2 /INPUT 2 "byte_offset";
    .port_info 3 /OUTPUT 32 "result";
v0x600002288a20_0 .net "byte_offset", 1 0, L_0x600002185220;  1 drivers
v0x600002288ab0_0 .var "byte_val", 7 0;
v0x600002288b40_0 .net "funct3", 2 0, L_0x6000021841e0;  alias, 1 drivers
v0x600002288bd0_0 .var "half_val", 15 0;
v0x600002288c60_0 .net "mem_data", 31 0, L_0x600003b88850;  alias, 1 drivers
v0x600002288cf0_0 .var "result", 31 0;
E_0x600000594480 .event anyedge, v0x600002288a20_0, v0x600002288c60_0, v0x6000022882d0_0;
S_0x13a7051d0 .scope module, "regfile" "REGISTER_32_BLOCK_32" 4 90, 9 1 0, S_0x13a704640;
 .timescale 0 0;
    .port_info 0 /INPUT 1 "clk";
    .port_info 1 /INPUT 1 "reset_trigger";
    .port_info 2 /INPUT 5 "rs1";
    .port_info 3 /INPUT 5 "rs2";
    .port_info 4 /INPUT 5 "rd";
    .port_info 5 /INPUT 1 "write_trigger";
    .port_info 6 /INPUT 32 "write_value";
    .port_info 7 /OUTPUT 32 "rs1_value";
    .port_info 8 /OUTPUT 32 "rs2_value";
L_0x600003b88150 .functor BUFZ 32, L_0x600002184460, C4<00000000000000000000000000000000>, C4<00000000000000000000000000000000>, C4<00000000000000000000000000000000>;
L_0x600003b881c0 .functor BUFZ 32, L_0x6000021845a0, C4<00000000000000000000000000000000>, C4<00000000000000000000000000000000>, C4<00000000000000000000000000000000>;
v0x600002288e10_0 .net *"_ivl_0", 31 0, L_0x600002184460;  1 drivers
v0x600002288ea0_0 .net *"_ivl_10", 6 0, L_0x600002184640;  1 drivers
L_0x130040178 .functor BUFT 1, C4<00>, C4<0>, C4<0>, C4<0>;
v0x600002288f30_0 .net *"_ivl_13", 1 0, L_0x130040178;  1 drivers
v0x600002288fc0_0 .net *"_ivl_2", 6 0, L_0x600002184500;  1 drivers
L_0x130040130 .functor BUFT 1, C4<00>, C4<0>, C4<0>, C4<0>;
v0x600002289050_0 .net *"_ivl_5", 1 0, L_0x130040130;  1 drivers
v0x6000022890e0_0 .net *"_ivl_8", 31 0, L_0x6000021845a0;  1 drivers
v0x600002289170_0 .net "clk", 0 0, v0x60000228d170_0;  alias, 1 drivers
v0x600002289200_0 .net "rd", 4 0, L_0x600002184140;  alias, 1 drivers
v0x600002289290 .array "reg_values", 31 0, 31 0;
v0x600002289320_0 .net "reset_trigger", 0 0, v0x60000228d7a0_0;  alias, 1 drivers
v0x6000022893b0_0 .net "rs1", 4 0, L_0x600002184280;  alias, 1 drivers
v0x600002289440_0 .net "rs1_value", 31 0, L_0x600003b88150;  alias, 1 drivers
v0x6000022894d0_0 .net "rs2", 4 0, L_0x600002184320;  alias, 1 drivers
v0x600002289560_0 .net "rs2_value", 31 0, L_0x600003b881c0;  alias, 1 drivers
v0x6000022895f0_0 .net "write_trigger", 0 0, L_0x600003b88230;  1 drivers
v0x600002289680_0 .net "write_value", 31 0, v0x60000228cbd0_0;  1 drivers
E_0x600000594580 .event posedge, v0x600002289320_0, v0x600002289170_0;
L_0x600002184460 .array/port v0x600002289290, L_0x600002184500;
L_0x600002184500 .concat [ 5 2 0 0], L_0x600002184280, L_0x130040130;
L_0x6000021845a0 .array/port v0x600002289290, L_0x600002184640;
L_0x600002184640 .concat [ 5 2 0 0], L_0x600002184320, L_0x130040178;
S_0x13a705460 .scope begin, "$ivl_for_loop2" "$ivl_for_loop2" 9 20, 9 20 0, S_0x13a7051d0;
 .timescale 0 0;
v0x600002288d80_0 .var/2s "i", 31 0;
S_0x13a7055d0 .scope module, "store_unit" "STORE_UNIT" 4 157, 10 8 0, S_0x13a704640;
 .timescale 0 0;
    .port_info 0 /INPUT 3 "funct3";
    .port_info 1 /INPUT 32 "rs2";
    .port_info 2 /INPUT 2 "byte_offset";
    .port_info 3 /OUTPUT 32 "write_data";
    .port_info 4 /OUTPUT 4 "byte_mask";
v0x600002289710_0 .var "byte_mask", 3 0;
v0x6000022897a0_0 .net "byte_offset", 1 0, L_0x6000021852c0;  1 drivers
v0x600002289830_0 .net "funct3", 2 0, L_0x6000021841e0;  alias, 1 drivers
v0x6000022898c0_0 .net "rs2", 31 0, L_0x600003b881c0;  alias, 1 drivers
v0x600002289950_0 .var "write_data", 31 0;
E_0x6000005945c0 .event anyedge, v0x6000022882d0_0, v0x6000022897a0_0, v0x600002288750_0;
    .scope S_0x13a704ef0;
T_0 ;
Ewait_0 .event/or E_0x600000594440, E_0x0;
    %wait Ewait_0;
    %load/vec4 v0x600002288990_0;
    %dup/vec4;
    %pushi/vec4 19, 0, 7;
    %cmp/u;
    %jmp/1 T_0.0, 6;
    %dup/vec4;
    %pushi/vec4 3, 0, 7;
    %cmp/u;
    %jmp/1 T_0.1, 6;
    %dup/vec4;
    %pushi/vec4 103, 0, 7;
    %cmp/u;
    %jmp/1 T_0.2, 6;
    %dup/vec4;
    %pushi/vec4 35, 0, 7;
    %cmp/u;
    %jmp/1 T_0.3, 6;
    %dup/vec4;
    %pushi/vec4 99, 0, 7;
    %cmp/u;
    %jmp/1 T_0.4, 6;
    %dup/vec4;
    %pushi/vec4 55, 0, 7;
    %cmp/u;
    %jmp/1 T_0.5, 6;
    %dup/vec4;
    %pushi/vec4 23, 0, 7;
    %cmp/u;
    %jmp/1 T_0.6, 6;
    %dup/vec4;
    %pushi/vec4 111, 0, 7;
    %cmp/u;
    %jmp/1 T_0.7, 6;
    %pushi/vec4 0, 0, 32;
    %store/vec4 v0x600002288870_0, 0, 32;
    %jmp T_0.9;
T_0.0 ;
    %load/vec4 v0x600002288900_0;
    %parti/s 1, 31, 6;
    %replicate 20;
    %load/vec4 v0x600002288900_0;
    %parti/s 12, 20, 6;
    %concat/vec4; draw_concat_vec4
    %store/vec4 v0x600002288870_0, 0, 32;
    %jmp T_0.9;
T_0.1 ;
    %load/vec4 v0x600002288900_0;
    %parti/s 1, 31, 6;
    %replicate 20;
    %load/vec4 v0x600002288900_0;
    %parti/s 12, 20, 6;
    %concat/vec4; draw_concat_vec4
    %store/vec4 v0x600002288870_0, 0, 32;
    %jmp T_0.9;
T_0.2 ;
    %load/vec4 v0x600002288900_0;
    %parti/s 1, 31, 6;
    %replicate 20;
    %load/vec4 v0x600002288900_0;
    %parti/s 12, 20, 6;
    %concat/vec4; draw_concat_vec4
    %store/vec4 v0x600002288870_0, 0, 32;
    %jmp T_0.9;
T_0.3 ;
    %load/vec4 v0x600002288900_0;
    %parti/s 1, 31, 6;
    %replicate 20;
    %load/vec4 v0x600002288900_0;
    %parti/s 7, 25, 6;
    %concat/vec4; draw_concat_vec4
    %load/vec4 v0x600002288900_0;
    %parti/s 5, 7, 4;
    %concat/vec4; draw_concat_vec4
    %store/vec4 v0x600002288870_0, 0, 32;
    %jmp T_0.9;
T_0.4 ;
    %load/vec4 v0x600002288900_0;
    %parti/s 1, 31, 6;
    %replicate 19;
    %load/vec4 v0x600002288900_0;
    %parti/s 1, 31, 6;
    %concat/vec4; draw_concat_vec4
    %load/vec4 v0x600002288900_0;
    %parti/s 1, 7, 4;
    %concat/vec4; draw_concat_vec4
    %load/vec4 v0x600002288900_0;
    %parti/s 6, 25, 6;
    %concat/vec4; draw_concat_vec4
    %load/vec4 v0x600002288900_0;
    %parti/s 4, 8, 5;
    %concat/vec4; draw_concat_vec4
    %concati/vec4 0, 0, 1;
    %store/vec4 v0x600002288870_0, 0, 32;
    %jmp T_0.9;
T_0.5 ;
    %load/vec4 v0x600002288900_0;
    %parti/s 20, 12, 5;
    %concati/vec4 0, 0, 12;
    %store/vec4 v0x600002288870_0, 0, 32;
    %jmp T_0.9;
T_0.6 ;
    %load/vec4 v0x600002288900_0;
    %parti/s 20, 12, 5;
    %concati/vec4 0, 0, 12;
    %store/vec4 v0x600002288870_0, 0, 32;
    %jmp T_0.9;
T_0.7 ;
    %load/vec4 v0x600002288900_0;
    %parti/s 1, 31, 6;
    %replicate 11;
    %load/vec4 v0x600002288900_0;
    %parti/s 1, 31, 6;
    %concat/vec4; draw_concat_vec4
    %load/vec4 v0x600002288900_0;
    %parti/s 8, 12, 5;
    %concat/vec4; draw_concat_vec4
    %load/vec4 v0x600002288900_0;
    %parti/s 1, 20, 6;
    %concat/vec4; draw_concat_vec4
    %load/vec4 v0x600002288900_0;
    %parti/s 10, 21, 6;
    %concat/vec4; draw_concat_vec4
    %concati/vec4 0, 0, 1;
    %store/vec4 v0x600002288870_0, 0, 32;
    %jmp T_0.9;
T_0.9 ;
    %pop/vec4 1;
    %jmp T_0;
    .thread T_0, $push;
    .scope S_0x13a7051d0;
T_1 ;
    %wait E_0x600000594580;
    %load/vec4 v0x600002289320_0;
    %flag_set/vec4 8;
    %jmp/0xz  T_1.0, 8;
    %fork t_1, S_0x13a705460;
    %jmp t_0;
    .scope S_0x13a705460;
t_1 ;
    %pushi/vec4 0, 0, 32;
    %store/vec4 v0x600002288d80_0, 0, 32;
T_1.2 ; Top of for-loop
    %load/vec4 v0x600002288d80_0;
    %cmpi/s 32, 0, 32;
	  %jmp/0xz T_1.3, 5;
    %pushi/vec4 0, 0, 32;
    %ix/getv/s 3, v0x600002288d80_0;
    %ix/load 4, 0, 0; Constant delay
    %assign/vec4/a/d v0x600002289290, 0, 4;
T_1.4 ; for-loop step statement
    ; show_stmt_assign_vector: Get l-value for compressed += operand
    %load/vec4 v0x600002288d80_0;
    %pushi/vec4 1, 0, 32;
    %add;
    %cast2;
    %store/vec4 v0x600002288d80_0, 0, 32;
    %jmp T_1.2;
T_1.3 ; for-loop exit label
    %end;
    .scope S_0x13a7051d0;
t_0 %join;
    %jmp T_1.1;
T_1.0 ;
    %load/vec4 v0x6000022895f0_0;
    %flag_set/vec4 9;
    %flag_get/vec4 9;
    %jmp/0 T_1.7, 9;
    %load/vec4 v0x600002289200_0;
    %pad/u 32;
    %pushi/vec4 0, 0, 32;
    %cmp/ne;
    %flag_get/vec4 4;
    %and;
T_1.7;
    %flag_set/vec4 8;
    %jmp/0xz  T_1.5, 8;
    %load/vec4 v0x600002289680_0;
    %load/vec4 v0x600002289200_0;
    %pad/u 7;
    %ix/vec4 3;
    %ix/load 4, 0, 0; Constant delay
    %assign/vec4/a/d v0x600002289290, 0, 4;
T_1.5 ;
T_1.1 ;
    %jmp T_1;
    .thread T_1;
    .scope S_0x13a704c10;
T_2 ;
Ewait_1 .event/or E_0x6000005942c0, E_0x0;
    %wait Ewait_1;
    %load/vec4 v0x600002288240_0;
    %flag_set/vec4 8;
    %jmp/0xz  T_2.0, 8;
    %load/vec4 v0x600002288120_0;
    %load/vec4 v0x6000022881b0_0;
    %add;
    %store/vec4 v0x6000022883f0_0, 0, 32;
    %jmp T_2.1;
T_2.0 ;
    %load/vec4 v0x6000022882d0_0;
    %dup/vec4;
    %pushi/vec4 0, 0, 3;
    %cmp/u;
    %jmp/1 T_2.2, 6;
    %dup/vec4;
    %pushi/vec4 1, 0, 3;
    %cmp/u;
    %jmp/1 T_2.3, 6;
    %dup/vec4;
    %pushi/vec4 2, 0, 3;
    %cmp/u;
    %jmp/1 T_2.4, 6;
    %dup/vec4;
    %pushi/vec4 3, 0, 3;
    %cmp/u;
    %jmp/1 T_2.5, 6;
    %dup/vec4;
    %pushi/vec4 4, 0, 3;
    %cmp/u;
    %jmp/1 T_2.6, 6;
    %dup/vec4;
    %pushi/vec4 5, 0, 3;
    %cmp/u;
    %jmp/1 T_2.7, 6;
    %dup/vec4;
    %pushi/vec4 6, 0, 3;
    %cmp/u;
    %jmp/1 T_2.8, 6;
    %dup/vec4;
    %pushi/vec4 7, 0, 3;
    %cmp/u;
    %jmp/1 T_2.9, 6;
    %pushi/vec4 0, 0, 32;
    %store/vec4 v0x6000022883f0_0, 0, 32;
    %jmp T_2.11;
T_2.2 ;
    %load/vec4 v0x600002288360_0;
    %flag_set/vec4 8;
    %jmp/0 T_2.12, 8;
    %load/vec4 v0x600002288120_0;
    %load/vec4 v0x6000022881b0_0;
    %sub;
    %jmp/1 T_2.13, 8;
T_2.12 ; End of true expr.
    %load/vec4 v0x600002288120_0;
    %load/vec4 v0x6000022881b0_0;
    %add;
    %jmp/0 T_2.13, 8;
 ; End of false expr.
    %blend;
T_2.13;
    %store/vec4 v0x6000022883f0_0, 0, 32;
    %jmp T_2.11;
T_2.3 ;
    %load/vec4 v0x600002288120_0;
    %load/vec4 v0x6000022881b0_0;
    %parti/s 5, 0, 2;
    %ix/vec4 4;
    %shiftl 4;
    %store/vec4 v0x6000022883f0_0, 0, 32;
    %jmp T_2.11;
T_2.4 ;
    %load/vec4 v0x600002288120_0;
    %load/vec4 v0x6000022881b0_0;
    %cmp/s;
    %flag_mov 8, 5;
    %jmp/0 T_2.14, 8;
    %pushi/vec4 1, 0, 32;
    %jmp/1 T_2.15, 8;
T_2.14 ; End of true expr.
    %pushi/vec4 0, 0, 32;
    %jmp/0 T_2.15, 8;
 ; End of false expr.
    %blend;
T_2.15;
    %store/vec4 v0x6000022883f0_0, 0, 32;
    %jmp T_2.11;
T_2.5 ;
    %load/vec4 v0x600002288120_0;
    %load/vec4 v0x6000022881b0_0;
    %cmp/u;
    %flag_mov 8, 5;
    %jmp/0 T_2.16, 8;
    %pushi/vec4 1, 0, 32;
    %jmp/1 T_2.17, 8;
T_2.16 ; End of true expr.
    %pushi/vec4 0, 0, 32;
    %jmp/0 T_2.17, 8;
 ; End of false expr.
    %blend;
T_2.17;
    %store/vec4 v0x6000022883f0_0, 0, 32;
    %jmp T_2.11;
T_2.6 ;
    %load/vec4 v0x600002288120_0;
    %load/vec4 v0x6000022881b0_0;
    %xor;
    %store/vec4 v0x6000022883f0_0, 0, 32;
    %jmp T_2.11;
T_2.7 ;
    %load/vec4 v0x600002288360_0;
    %flag_set/vec4 8;
    %jmp/0 T_2.18, 8;
    %load/vec4 v0x600002288120_0;
    %load/vec4 v0x6000022881b0_0;
    %parti/s 5, 0, 2;
    %ix/vec4 4;
    %shiftr/s 4;
    %jmp/1 T_2.19, 8;
T_2.18 ; End of true expr.
    %load/vec4 v0x600002288120_0;
    %load/vec4 v0x6000022881b0_0;
    %parti/s 5, 0, 2;
    %ix/vec4 4;
    %shiftr 4;
    %jmp/0 T_2.19, 8;
 ; End of false expr.
    %blend;
T_2.19;
    %store/vec4 v0x6000022883f0_0, 0, 32;
    %jmp T_2.11;
T_2.8 ;
    %load/vec4 v0x600002288120_0;
    %load/vec4 v0x6000022881b0_0;
    %or;
    %store/vec4 v0x6000022883f0_0, 0, 32;
    %jmp T_2.11;
T_2.9 ;
    %load/vec4 v0x600002288120_0;
    %load/vec4 v0x6000022881b0_0;
    %and;
    %store/vec4 v0x6000022883f0_0, 0, 32;
    %jmp T_2.11;
T_2.11 ;
    %pop/vec4 1;
T_2.1 ;
    %jmp T_2;
    .thread T_2, $push;
    .scope S_0x13a704d80;
T_3 ;
Ewait_2 .event/or E_0x600000594380, E_0x0;
    %wait Ewait_2;
    %load/vec4 v0x600002288630_0;
    %load/vec4 v0x6000022885a0_0;
    %add;
    %store/vec4 v0x6000022887e0_0, 0, 32;
    %load/vec4 v0x600002288510_0;
    %dup/vec4;
    %pushi/vec4 0, 0, 3;
    %cmp/u;
    %jmp/1 T_3.0, 6;
    %dup/vec4;
    %pushi/vec4 1, 0, 3;
    %cmp/u;
    %jmp/1 T_3.1, 6;
    %dup/vec4;
    %pushi/vec4 4, 0, 3;
    %cmp/u;
    %jmp/1 T_3.2, 6;
    %dup/vec4;
    %pushi/vec4 5, 0, 3;
    %cmp/u;
    %jmp/1 T_3.3, 6;
    %dup/vec4;
    %pushi/vec4 6, 0, 3;
    %cmp/u;
    %jmp/1 T_3.4, 6;
    %dup/vec4;
    %pushi/vec4 7, 0, 3;
    %cmp/u;
    %jmp/1 T_3.5, 6;
    %pushi/vec4 0, 0, 1;
    %store/vec4 v0x600002288480_0, 0, 1;
    %jmp T_3.7;
T_3.0 ;
    %load/vec4 v0x6000022886c0_0;
    %load/vec4 v0x600002288750_0;
    %cmp/e;
    %flag_get/vec4 4;
    %store/vec4 v0x600002288480_0, 0, 1;
    %jmp T_3.7;
T_3.1 ;
    %load/vec4 v0x6000022886c0_0;
    %load/vec4 v0x600002288750_0;
    %cmp/ne;
    %flag_get/vec4 4;
    %store/vec4 v0x600002288480_0, 0, 1;
    %jmp T_3.7;
T_3.2 ;
    %load/vec4 v0x6000022886c0_0;
    %load/vec4 v0x600002288750_0;
    %cmp/s;
    %flag_get/vec4 5;
    %store/vec4 v0x600002288480_0, 0, 1;
    %jmp T_3.7;
T_3.3 ;
    %load/vec4 v0x600002288750_0;
    %load/vec4 v0x6000022886c0_0;
    %cmp/s;
    %flag_get/vec4 4;
    %flag_get/vec4 5;
    %or;
    %store/vec4 v0x600002288480_0, 0, 1;
    %jmp T_3.7;
T_3.4 ;
    %load/vec4 v0x6000022886c0_0;
    %load/vec4 v0x600002288750_0;
    %cmp/u;
    %flag_get/vec4 5;
    %store/vec4 v0x600002288480_0, 0, 1;
    %jmp T_3.7;
T_3.5 ;
    %load/vec4 v0x600002288750_0;
    %load/vec4 v0x6000022886c0_0;
    %cmp/u;
    %flag_get/vec4 4;
    %flag_get/vec4 5;
    %or;
    %store/vec4 v0x600002288480_0, 0, 1;
    %jmp T_3.7;
T_3.7 ;
    %pop/vec4 1;
    %jmp T_3;
    .thread T_3, $push;
    .scope S_0x13a705060;
T_4 ;
Ewait_3 .event/or E_0x600000594480, E_0x0;
    %wait Ewait_3;
    %load/vec4 v0x600002288a20_0;
    %dup/vec4;
    %pushi/vec4 0, 0, 2;
    %cmp/u;
    %jmp/1 T_4.0, 6;
    %dup/vec4;
    %pushi/vec4 1, 0, 2;
    %cmp/u;
    %jmp/1 T_4.1, 6;
    %dup/vec4;
    %pushi/vec4 2, 0, 2;
    %cmp/u;
    %jmp/1 T_4.2, 6;
    %dup/vec4;
    %pushi/vec4 3, 0, 2;
    %cmp/u;
    %jmp/1 T_4.3, 6;
    %pushi/vec4 0, 0, 8;
    %store/vec4 v0x600002288ab0_0, 0, 8;
    %jmp T_4.5;
T_4.0 ;
    %load/vec4 v0x600002288c60_0;
    %parti/s 8, 0, 2;
    %store/vec4 v0x600002288ab0_0, 0, 8;
    %jmp T_4.5;
T_4.1 ;
    %load/vec4 v0x600002288c60_0;
    %parti/s 8, 8, 5;
    %store/vec4 v0x600002288ab0_0, 0, 8;
    %jmp T_4.5;
T_4.2 ;
    %load/vec4 v0x600002288c60_0;
    %parti/s 8, 16, 6;
    %store/vec4 v0x600002288ab0_0, 0, 8;
    %jmp T_4.5;
T_4.3 ;
    %load/vec4 v0x600002288c60_0;
    %parti/s 8, 24, 6;
    %store/vec4 v0x600002288ab0_0, 0, 8;
    %jmp T_4.5;
T_4.5 ;
    %pop/vec4 1;
    %load/vec4 v0x600002288a20_0;
    %parti/s 1, 1, 2;
    %dup/vec4;
    %pushi/vec4 0, 0, 1;
    %cmp/u;
    %jmp/1 T_4.6, 6;
    %dup/vec4;
    %pushi/vec4 1, 0, 1;
    %cmp/u;
    %jmp/1 T_4.7, 6;
    %pushi/vec4 0, 0, 16;
    %store/vec4 v0x600002288bd0_0, 0, 16;
    %jmp T_4.9;
T_4.6 ;
    %load/vec4 v0x600002288c60_0;
    %parti/s 16, 0, 2;
    %store/vec4 v0x600002288bd0_0, 0, 16;
    %jmp T_4.9;
T_4.7 ;
    %load/vec4 v0x600002288c60_0;
    %parti/s 16, 16, 6;
    %store/vec4 v0x600002288bd0_0, 0, 16;
    %jmp T_4.9;
T_4.9 ;
    %pop/vec4 1;
    %load/vec4 v0x600002288b40_0;
    %dup/vec4;
    %pushi/vec4 0, 0, 3;
    %cmp/u;
    %jmp/1 T_4.10, 6;
    %dup/vec4;
    %pushi/vec4 1, 0, 3;
    %cmp/u;
    %jmp/1 T_4.11, 6;
    %dup/vec4;
    %pushi/vec4 2, 0, 3;
    %cmp/u;
    %jmp/1 T_4.12, 6;
    %dup/vec4;
    %pushi/vec4 4, 0, 3;
    %cmp/u;
    %jmp/1 T_4.13, 6;
    %dup/vec4;
    %pushi/vec4 5, 0, 3;
    %cmp/u;
    %jmp/1 T_4.14, 6;
    %pushi/vec4 0, 0, 32;
    %store/vec4 v0x600002288cf0_0, 0, 32;
    %jmp T_4.16;
T_4.10 ;
    %load/vec4 v0x600002288ab0_0;
    %parti/s 1, 7, 4;
    %replicate 24;
    %load/vec4 v0x600002288ab0_0;
    %concat/vec4; draw_concat_vec4
    %store/vec4 v0x600002288cf0_0, 0, 32;
    %jmp T_4.16;
T_4.11 ;
    %load/vec4 v0x600002288bd0_0;
    %parti/s 1, 15, 5;
    %replicate 16;
    %load/vec4 v0x600002288bd0_0;
    %concat/vec4; draw_concat_vec4
    %store/vec4 v0x600002288cf0_0, 0, 32;
    %jmp T_4.16;
T_4.12 ;
    %load/vec4 v0x600002288c60_0;
    %store/vec4 v0x600002288cf0_0, 0, 32;
    %jmp T_4.16;
T_4.13 ;
    %pushi/vec4 0, 0, 24;
    %load/vec4 v0x600002288ab0_0;
    %concat/vec4; draw_concat_vec4
    %store/vec4 v0x600002288cf0_0, 0, 32;
    %jmp T_4.16;
T_4.14 ;
    %pushi/vec4 0, 0, 16;
    %load/vec4 v0x600002288bd0_0;
    %concat/vec4; draw_concat_vec4
    %store/vec4 v0x600002288cf0_0, 0, 32;
    %jmp T_4.16;
T_4.16 ;
    %pop/vec4 1;
    %jmp T_4;
    .thread T_4, $push;
    .scope S_0x13a7055d0;
T_5 ;
Ewait_4 .event/or E_0x6000005945c0, E_0x0;
    %wait Ewait_4;
    %load/vec4 v0x600002289830_0;
    %dup/vec4;
    %pushi/vec4 0, 0, 3;
    %cmp/u;
    %jmp/1 T_5.0, 6;
    %dup/vec4;
    %pushi/vec4 1, 0, 3;
    %cmp/u;
    %jmp/1 T_5.1, 6;
    %dup/vec4;
    %pushi/vec4 2, 0, 3;
    %cmp/u;
    %jmp/1 T_5.2, 6;
    %pushi/vec4 0, 0, 32;
    %store/vec4 v0x600002289950_0, 0, 32;
    %pushi/vec4 0, 0, 4;
    %store/vec4 v0x600002289710_0, 0, 4;
    %jmp T_5.4;
T_5.0 ;
    %load/vec4 v0x6000022897a0_0;
    %dup/vec4;
    %pushi/vec4 0, 0, 2;
    %cmp/u;
    %jmp/1 T_5.5, 6;
    %dup/vec4;
    %pushi/vec4 1, 0, 2;
    %cmp/u;
    %jmp/1 T_5.6, 6;
    %dup/vec4;
    %pushi/vec4 2, 0, 2;
    %cmp/u;
    %jmp/1 T_5.7, 6;
    %dup/vec4;
    %pushi/vec4 3, 0, 2;
    %cmp/u;
    %jmp/1 T_5.8, 6;
    %pushi/vec4 0, 0, 32;
    %store/vec4 v0x600002289950_0, 0, 32;
    %pushi/vec4 0, 0, 4;
    %store/vec4 v0x600002289710_0, 0, 4;
    %jmp T_5.10;
T_5.5 ;
    %pushi/vec4 0, 0, 24;
    %load/vec4 v0x6000022898c0_0;
    %parti/s 8, 0, 2;
    %concat/vec4; draw_concat_vec4
    %store/vec4 v0x600002289950_0, 0, 32;
    %pushi/vec4 1, 0, 4;
    %store/vec4 v0x600002289710_0, 0, 4;
    %jmp T_5.10;
T_5.6 ;
    %pushi/vec4 0, 0, 16;
    %load/vec4 v0x6000022898c0_0;
    %parti/s 8, 0, 2;
    %concat/vec4; draw_concat_vec4
    %concati/vec4 0, 0, 8;
    %store/vec4 v0x600002289950_0, 0, 32;
    %pushi/vec4 2, 0, 4;
    %store/vec4 v0x600002289710_0, 0, 4;
    %jmp T_5.10;
T_5.7 ;
    %pushi/vec4 0, 0, 8;
    %load/vec4 v0x6000022898c0_0;
    %parti/s 8, 0, 2;
    %concat/vec4; draw_concat_vec4
    %concati/vec4 0, 0, 16;
    %store/vec4 v0x600002289950_0, 0, 32;
    %pushi/vec4 4, 0, 4;
    %store/vec4 v0x600002289710_0, 0, 4;
    %jmp T_5.10;
T_5.8 ;
    %load/vec4 v0x6000022898c0_0;
    %parti/s 8, 0, 2;
    %concati/vec4 0, 0, 24;
    %store/vec4 v0x600002289950_0, 0, 32;
    %pushi/vec4 8, 0, 4;
    %store/vec4 v0x600002289710_0, 0, 4;
    %jmp T_5.10;
T_5.10 ;
    %pop/vec4 1;
    %jmp T_5.4;
T_5.1 ;
    %load/vec4 v0x6000022897a0_0;
    %parti/s 1, 1, 2;
    %dup/vec4;
    %pushi/vec4 0, 0, 1;
    %cmp/u;
    %jmp/1 T_5.11, 6;
    %dup/vec4;
    %pushi/vec4 1, 0, 1;
    %cmp/u;
    %jmp/1 T_5.12, 6;
    %pushi/vec4 0, 0, 32;
    %store/vec4 v0x600002289950_0, 0, 32;
    %pushi/vec4 0, 0, 4;
    %store/vec4 v0x600002289710_0, 0, 4;
    %jmp T_5.14;
T_5.11 ;
    %pushi/vec4 0, 0, 16;
    %load/vec4 v0x6000022898c0_0;
    %parti/s 16, 0, 2;
    %concat/vec4; draw_concat_vec4
    %store/vec4 v0x600002289950_0, 0, 32;
    %pushi/vec4 3, 0, 4;
    %store/vec4 v0x600002289710_0, 0, 4;
    %jmp T_5.14;
T_5.12 ;
    %load/vec4 v0x6000022898c0_0;
    %parti/s 16, 0, 2;
    %concati/vec4 0, 0, 16;
    %store/vec4 v0x600002289950_0, 0, 32;
    %pushi/vec4 12, 0, 4;
    %store/vec4 v0x600002289710_0, 0, 4;
    %jmp T_5.14;
T_5.14 ;
    %pop/vec4 1;
    %jmp T_5.4;
T_5.2 ;
    %load/vec4 v0x6000022898c0_0;
    %store/vec4 v0x600002289950_0, 0, 32;
    %pushi/vec4 15, 0, 4;
    %store/vec4 v0x600002289710_0, 0, 4;
    %jmp T_5.4;
T_5.4 ;
    %pop/vec4 1;
    %jmp T_5;
    .thread T_5, $push;
    .scope S_0x13a704640;
T_6 ;
    %wait E_0x600000594240;
    %load/vec4 v0x60000228c750_0;
    %flag_set/vec4 8;
    %jmp/0xz  T_6.0, 8;
    %pushi/vec4 0, 0, 1;
    %assign/vec4 v0x60000228ba80_0, 0;
    %jmp T_6.1;
T_6.0 ;
    %pushi/vec4 0, 0, 1;
    %assign/vec4 v0x60000228ba80_0, 0;
T_6.1 ;
    %jmp T_6;
    .thread T_6;
    .scope S_0x13a704640;
T_7 ;
Ewait_5 .event/or E_0x600000594280, E_0x0;
    %wait Ewait_5;
    %load/vec4 v0x60000228c5a0_0;
    %dup/vec4;
    %pushi/vec4 3, 0, 7;
    %cmp/u;
    %jmp/1 T_7.0, 6;
    %dup/vec4;
    %pushi/vec4 111, 0, 7;
    %cmp/u;
    %jmp/1 T_7.1, 6;
    %dup/vec4;
    %pushi/vec4 103, 0, 7;
    %cmp/u;
    %jmp/1 T_7.2, 6;
    %dup/vec4;
    %pushi/vec4 55, 0, 7;
    %cmp/u;
    %jmp/1 T_7.3, 6;
    %dup/vec4;
    %pushi/vec4 51, 0, 7;
    %cmp/u;
    %jmp/1 T_7.4, 6;
    %dup/vec4;
    %pushi/vec4 19, 0, 7;
    %cmp/u;
    %jmp/1 T_7.5, 6;
    %dup/vec4;
    %pushi/vec4 23, 0, 7;
    %cmp/u;
    %jmp/1 T_7.6, 6;
    %pushi/vec4 0, 0, 1;
    %store/vec4 v0x60000228cc60_0, 0, 1;
    %pushi/vec4 0, 0, 32;
    %store/vec4 v0x60000228cbd0_0, 0, 32;
    %jmp T_7.8;
T_7.0 ;
    %pushi/vec4 1, 0, 1;
    %store/vec4 v0x60000228cc60_0, 0, 1;
    %load/vec4 v0x60000228c120_0;
    %store/vec4 v0x60000228cbd0_0, 0, 32;
    %jmp T_7.8;
T_7.1 ;
    %pushi/vec4 1, 0, 1;
    %store/vec4 v0x60000228cc60_0, 0, 1;
    %load/vec4 v0x60000228c630_0;
    %addi 4, 0, 32;
    %store/vec4 v0x60000228cbd0_0, 0, 32;
    %jmp T_7.8;
T_7.2 ;
    %pushi/vec4 1, 0, 1;
    %store/vec4 v0x60000228cc60_0, 0, 1;
    %load/vec4 v0x60000228c630_0;
    %addi 4, 0, 32;
    %store/vec4 v0x60000228cbd0_0, 0, 32;
    %jmp T_7.8;
T_7.3 ;
    %pushi/vec4 1, 0, 1;
    %store/vec4 v0x60000228cc60_0, 0, 1;
    %load/vec4 v0x60000228bde0_0;
    %store/vec4 v0x60000228cbd0_0, 0, 32;
    %jmp T_7.8;
T_7.4 ;
    %pushi/vec4 1, 0, 1;
    %store/vec4 v0x60000228cc60_0, 0, 1;
    %load/vec4 v0x60000228b690_0;
    %store/vec4 v0x60000228cbd0_0, 0, 32;
    %jmp T_7.8;
T_7.5 ;
    %pushi/vec4 1, 0, 1;
    %store/vec4 v0x60000228cc60_0, 0, 1;
    %load/vec4 v0x60000228b690_0;
    %store/vec4 v0x60000228cbd0_0, 0, 32;
    %jmp T_7.8;
T_7.6 ;
    %pushi/vec4 1, 0, 1;
    %store/vec4 v0x60000228cc60_0, 0, 1;
    %load/vec4 v0x60000228b690_0;
    %store/vec4 v0x60000228cbd0_0, 0, 32;
    %jmp T_7.8;
T_7.8 ;
    %pop/vec4 1;
    %jmp T_7;
    .thread T_7, $push;
    .scope S_0x13a704640;
T_8 ;
    %wait E_0x600000594240;
    %load/vec4 v0x60000228c750_0;
    %flag_set/vec4 8;
    %jmp/0xz  T_8.0, 8;
    %pushi/vec4 0, 0, 32;
    %assign/vec4 v0x60000228c630_0, 0;
    %jmp T_8.1;
T_8.0 ;
    %load/vec4 v0x60000228b840_0;
    %nor/r;
    %flag_set/vec4 8;
    %jmp/0xz  T_8.2, 8;
    %load/vec4 v0x60000228c510_0;
    %assign/vec4 v0x60000228c630_0, 0;
T_8.2 ;
T_8.1 ;
    %jmp T_8;
    .thread T_8;
    .scope S_0x13a7041f0;
T_9 ;
    %pushi/vec4 0, 0, 1;
    %store/vec4 v0x60000228d170_0, 0, 1;
    %pushi/vec4 0, 0, 32;
    %store/vec4 v0x60000228d200_0, 0, 32;
    %end;
    .thread T_9, $init;
    .scope S_0x13a7041f0;
T_10 ;
T_10.0 ;
    %delay 5, 0;
    %load/vec4 v0x60000228d170_0;
    %inv;
    %store/vec4 v0x60000228d170_0, 0, 1;
    %jmp T_10.0;
T_10.1 ;
    %end;
    .thread T_10;
    .scope S_0x13a7041f0;
T_11 ;
    %fork t_3, S_0x13a704360;
    %jmp t_2;
    .scope S_0x13a704360;
t_3 ;
    %pushi/vec4 0, 0, 32;
    %store/vec4 v0x600002288000_0, 0, 32;
T_11.0 ; Top of for-loop
    %load/vec4 v0x600002288000_0;
    %cmpi/s 256, 0, 32;
	  %jmp/0xz T_11.1, 5;
    %pushi/vec4 19, 0, 32;
    %ix/getv/s 4, v0x600002288000_0;
    %store/vec4a v0x60000228d830, 4, 0;
T_11.2 ; for-loop step statement
    ; show_stmt_assign_vector: Get l-value for compressed += operand
    %load/vec4 v0x600002288000_0;
    %pushi/vec4 1, 0, 32;
    %add;
    %cast2;
    %store/vec4 v0x600002288000_0, 0, 32;
    %jmp T_11.0;
T_11.1 ; for-loop exit label
    %end;
    .scope S_0x13a7041f0;
t_2 %join;
    %pushi/vec4 10485907, 0, 32;
    %ix/load 4, 0, 0;
    %flag_set/imm 4, 0;
    %store/vec4a v0x60000228d830, 4, 0;
    %pushi/vec4 20971795, 0, 32;
    %ix/load 4, 1, 0;
    %flag_set/imm 4, 0;
    %store/vec4a v0x60000228d830, 4, 0;
    %pushi/vec4 2130355, 0, 32;
    %ix/load 4, 2, 0;
    %flag_set/imm 4, 0;
    %store/vec4a v0x60000228d830, 4, 0;
    %pushi/vec4 1074856499, 0, 32;
    %ix/load 4, 3, 0;
    %flag_set/imm 4, 0;
    %store/vec4a v0x60000228d830, 4, 0;
    %pushi/vec4 3153955, 0, 32;
    %ix/load 4, 4, 0;
    %flag_set/imm 4, 0;
    %store/vec4a v0x60000228d830, 4, 0;
    %pushi/vec4 8835, 0, 32;
    %ix/load 4, 5, 0;
    %flag_set/imm 4, 0;
    %store/vec4a v0x60000228d830, 4, 0;
    %pushi/vec4 4919, 0, 32;
    %ix/load 4, 6, 0;
    %flag_set/imm 4, 0;
    %store/vec4a v0x60000228d830, 4, 0;
    %pushi/vec4 919, 0, 32;
    %ix/load 4, 7, 0;
    %flag_set/imm 4, 0;
    %store/vec4a v0x60000228d830, 4, 0;
    %pushi/vec4 1082467, 0, 32;
    %ix/load 4, 8, 0;
    %flag_set/imm 4, 0;
    %store/vec4a v0x60000228d830, 4, 0;
    %pushi/vec4 267387027, 0, 32;
    %ix/load 4, 9, 0;
    %flag_set/imm 4, 0;
    %store/vec4a v0x60000228d830, 4, 0;
    %pushi/vec4 44041235, 0, 32;
    %ix/load 4, 10, 0;
    %flag_set/imm 4, 0;
    %store/vec4a v0x60000228d830, 4, 0;
    %pushi/vec4 2135139, 0, 32;
    %ix/load 4, 11, 0;
    %flag_set/imm 4, 0;
    %store/vec4a v0x60000228d830, 4, 0;
    %pushi/vec4 267388051, 0, 32;
    %ix/load 4, 12, 0;
    %flag_set/imm 4, 0;
    %store/vec4a v0x60000228d830, 4, 0;
    %pushi/vec4 80741523, 0, 32;
    %ix/load 4, 13, 0;
    %flag_set/imm 4, 0;
    %store/vec4a v0x60000228d830, 4, 0;
    %pushi/vec4 8389999, 0, 32;
    %ix/load 4, 14, 0;
    %flag_set/imm 4, 0;
    %store/vec4a v0x60000228d830, 4, 0;
    %pushi/vec4 267388307, 0, 32;
    %ix/load 4, 15, 0;
    %flag_set/imm 4, 0;
    %store/vec4a v0x60000228d830, 4, 0;
    %pushi/vec4 57673107, 0, 32;
    %ix/load 4, 16, 0;
    %flag_set/imm 4, 0;
    %store/vec4a v0x60000228d830, 4, 0;
    %pushi/vec4 111, 0, 32;
    %ix/load 4, 17, 0;
    %flag_set/imm 4, 0;
    %store/vec4a v0x60000228d830, 4, 0;
    %end;
    .thread T_11;
    .scope S_0x13a7041f0;
T_12 ;
    %wait E_0x600000594240;
    %load/vec4 v0x60000228d680_0;
    %flag_set/vec4 8;
    %jmp/0xz  T_12.0, 8;
    %load/vec4 v0x60000228d440_0;
    %parti/s 1, 0, 2;
    %flag_set/vec4 8;
    %jmp/0xz  T_12.2, 8;
    %load/vec4 v0x60000228d5f0_0;
    %parti/s 8, 0, 2;
    %load/vec4 v0x60000228d3b0_0;
    %parti/s 8, 2, 3;
    %pad/u 10;
    %ix/vec4 3;
    %ix/load 4, 0, 0; Constant delay
    %assign/vec4/a/d v0x60000228d710, 0, 4;
T_12.2 ;
    %load/vec4 v0x60000228d440_0;
    %parti/s 1, 1, 2;
    %flag_set/vec4 8;
    %jmp/0xz  T_12.4, 8;
    %load/vec4 v0x60000228d5f0_0;
    %parti/s 8, 8, 5;
    %load/vec4 v0x60000228d3b0_0;
    %parti/s 8, 2, 3;
    %pad/u 10;
    %ix/vec4 3;
    %ix/load 4, 8, 0; part off
    %ix/load 5, 0, 0; Constant delay
    %assign/vec4/a/d v0x60000228d710, 4, 5;
T_12.4 ;
    %load/vec4 v0x60000228d440_0;
    %parti/s 1, 2, 3;
    %flag_set/vec4 8;
    %jmp/0xz  T_12.6, 8;
    %load/vec4 v0x60000228d5f0_0;
    %parti/s 8, 16, 6;
    %load/vec4 v0x60000228d3b0_0;
    %parti/s 8, 2, 3;
    %pad/u 10;
    %ix/vec4 3;
    %ix/load 4, 16, 0; part off
    %ix/load 5, 0, 0; Constant delay
    %assign/vec4/a/d v0x60000228d710, 4, 5;
T_12.6 ;
    %load/vec4 v0x60000228d440_0;
    %parti/s 1, 3, 3;
    %flag_set/vec4 8;
    %jmp/0xz  T_12.8, 8;
    %load/vec4 v0x60000228d5f0_0;
    %parti/s 8, 24, 6;
    %load/vec4 v0x60000228d3b0_0;
    %parti/s 8, 2, 3;
    %pad/u 10;
    %ix/vec4 3;
    %ix/load 4, 24, 0; part off
    %ix/load 5, 0, 0; Constant delay
    %assign/vec4/a/d v0x60000228d710, 4, 5;
T_12.8 ;
T_12.0 ;
    %jmp T_12;
    .thread T_12;
    .scope S_0x13a7041f0;
T_13 ;
    %fork t_5, S_0x13a7044d0;
    %jmp t_4;
    .scope S_0x13a7044d0;
t_5 ;
    %pushi/vec4 0, 0, 32;
    %store/vec4 v0x600002288090_0, 0, 32;
T_13.0 ; Top of for-loop
    %load/vec4 v0x600002288090_0;
    %cmpi/s 256, 0, 32;
	  %jmp/0xz T_13.1, 5;
    %pushi/vec4 0, 0, 32;
    %ix/getv/s 4, v0x600002288090_0;
    %store/vec4a v0x60000228d710, 4, 0;
T_13.2 ; for-loop step statement
    ; show_stmt_assign_vector: Get l-value for compressed += operand
    %load/vec4 v0x600002288090_0;
    %pushi/vec4 1, 0, 32;
    %add;
    %cast2;
    %store/vec4 v0x600002288090_0, 0, 32;
    %jmp T_13.0;
T_13.1 ; for-loop exit label
    %end;
    .scope S_0x13a7041f0;
t_4 %join;
    %end;
    .thread T_13;
    .scope S_0x13a7041f0;
T_14 ;
    %vpi_call/w 3 93 "$dumpfile", "CPU_SINGLE_CYCLE.vcd" {0 0 0};
    %vpi_call/w 3 94 "$dumpvars", 32'sb00000000000000000000000000000000, S_0x13a7041f0 {0 0 0};
    %pushi/vec4 1, 0, 1;
    %store/vec4 v0x60000228d7a0_0, 0, 1;
    %delay 20, 0;
    %pushi/vec4 0, 0, 1;
    %store/vec4 v0x60000228d7a0_0, 0, 1;
    %pushi/vec4 25, 0, 32;
T_14.0 %dup/vec4;
    %cmpi/s 0, 0, 32;
    %jmp/1xz T_14.1, 5;
    %jmp/1 T_14.1, 4;
    %subi 1, 0, 32;
    %wait E_0x600000594240;
    %jmp T_14.0;
T_14.1 ;
    %pop/vec4 1;
    %delay 1, 0;
    %ix/load 4, 1, 0;
    %flag_set/imm 4, 0;
    %load/vec4a v0x600002289290, 4;
    %cmpi/e 10, 0, 32;
    %jmp/0xz  T_14.2, 6;
    %jmp T_14.3;
T_14.2 ;
    %vpi_call/w 3 104 "$display", "FAIL x1: got %0d", &A<v0x600002289290, 1> {0 0 0};
    %load/vec4 v0x60000228d200_0;
    %addi 1, 0, 32;
    %store/vec4 v0x60000228d200_0, 0, 32;
T_14.3 ;
    %ix/load 4, 2, 0;
    %flag_set/imm 4, 0;
    %load/vec4a v0x600002289290, 4;
    %cmpi/e 20, 0, 32;
    %jmp/0xz  T_14.4, 6;
    %jmp T_14.5;
T_14.4 ;
    %vpi_call/w 3 107 "$display", "FAIL x2: got %0d", &A<v0x600002289290, 2> {0 0 0};
    %load/vec4 v0x60000228d200_0;
    %addi 1, 0, 32;
    %store/vec4 v0x60000228d200_0, 0, 32;
T_14.5 ;
    %ix/load 4, 3, 0;
    %flag_set/imm 4, 0;
    %load/vec4a v0x600002289290, 4;
    %cmpi/e 30, 0, 32;
    %jmp/0xz  T_14.6, 6;
    %jmp T_14.7;
T_14.6 ;
    %vpi_call/w 3 110 "$display", "FAIL x3 (ADD): got %0d", &A<v0x600002289290, 3> {0 0 0};
    %load/vec4 v0x60000228d200_0;
    %addi 1, 0, 32;
    %store/vec4 v0x60000228d200_0, 0, 32;
T_14.7 ;
    %ix/load 4, 4, 0;
    %flag_set/imm 4, 0;
    %load/vec4a v0x600002289290, 4;
    %cmpi/e 10, 0, 32;
    %jmp/0xz  T_14.8, 6;
    %jmp T_14.9;
T_14.8 ;
    %vpi_call/w 3 113 "$display", "FAIL x4 (SUB): got %0d", &A<v0x600002289290, 4> {0 0 0};
    %load/vec4 v0x60000228d200_0;
    %addi 1, 0, 32;
    %store/vec4 v0x60000228d200_0, 0, 32;
T_14.9 ;
    %ix/load 4, 5, 0;
    %flag_set/imm 4, 0;
    %load/vec4a v0x600002289290, 4;
    %cmpi/e 30, 0, 32;
    %jmp/0xz  T_14.10, 6;
    %jmp T_14.11;
T_14.10 ;
    %vpi_call/w 3 118 "$display", "FAIL x5 (LW): got %0d", &A<v0x600002289290, 5> {0 0 0};
    %load/vec4 v0x60000228d200_0;
    %addi 1, 0, 32;
    %store/vec4 v0x60000228d200_0, 0, 32;
T_14.11 ;
    %ix/load 4, 6, 0;
    %flag_set/imm 4, 0;
    %load/vec4a v0x600002289290, 4;
    %cmpi/e 4096, 0, 32;
    %jmp/0xz  T_14.12, 6;
    %jmp T_14.13;
T_14.12 ;
    %vpi_call/w 3 123 "$display", "FAIL x6 (LUI): got %h", &A<v0x600002289290, 6> {0 0 0};
    %load/vec4 v0x60000228d200_0;
    %addi 1, 0, 32;
    %store/vec4 v0x60000228d200_0, 0, 32;
T_14.13 ;
    %ix/load 4, 7, 0;
    %flag_set/imm 4, 0;
    %load/vec4a v0x600002289290, 4;
    %cmpi/e 28, 0, 32;
    %jmp/0xz  T_14.14, 6;
    %jmp T_14.15;
T_14.14 ;
    %vpi_call/w 3 126 "$display", "FAIL x7 (AUIPC): got %h", &A<v0x600002289290, 7> {0 0 0};
    %load/vec4 v0x60000228d200_0;
    %addi 1, 0, 32;
    %store/vec4 v0x60000228d200_0, 0, 32;
T_14.15 ;
    %ix/load 4, 1, 0;
    %flag_set/imm 4, 0;
    %load/vec4a v0x600002289290, 4;
    %cmpi/e 10, 0, 32;
    %jmp/0xz  T_14.16, 6;
    %jmp T_14.17;
T_14.16 ;
    %vpi_call/w 3 131 "$display", "FAIL BEQ skip check x1: got %h", &A<v0x600002289290, 1> {0 0 0};
    %load/vec4 v0x60000228d200_0;
    %addi 1, 0, 32;
    %store/vec4 v0x60000228d200_0, 0, 32;
T_14.17 ;
    %ix/load 4, 8, 0;
    %flag_set/imm 4, 0;
    %load/vec4a v0x600002289290, 4;
    %cmpi/e 42, 0, 32;
    %jmp/0xz  T_14.18, 6;
    %jmp T_14.19;
T_14.18 ;
    %vpi_call/w 3 134 "$display", "FAIL x8 (after BEQ): got %0d", &A<v0x600002289290, 8> {0 0 0};
    %load/vec4 v0x60000228d200_0;
    %addi 1, 0, 32;
    %store/vec4 v0x60000228d200_0, 0, 32;
T_14.19 ;
    %ix/load 4, 9, 0;
    %flag_set/imm 4, 0;
    %load/vec4a v0x600002289290, 4;
    %cmpi/e 77, 0, 32;
    %jmp/0xz  T_14.20, 6;
    %jmp T_14.21;
T_14.20 ;
    %vpi_call/w 3 139 "$display", "FAIL x9 (BNE): got %0d", &A<v0x600002289290, 9> {0 0 0};
    %load/vec4 v0x60000228d200_0;
    %addi 1, 0, 32;
    %store/vec4 v0x60000228d200_0, 0, 32;
T_14.21 ;
    %ix/load 4, 10, 0;
    %flag_set/imm 4, 0;
    %load/vec4a v0x600002289290, 4;
    %cmpi/e 60, 0, 32;
    %jmp/0xz  T_14.22, 6;
    %jmp T_14.23;
T_14.22 ;
    %vpi_call/w 3 144 "$display", "FAIL x10 (JAL ret): got %h", &A<v0x600002289290, 10> {0 0 0};
    %load/vec4 v0x60000228d200_0;
    %addi 1, 0, 32;
    %store/vec4 v0x60000228d200_0, 0, 32;
T_14.23 ;
    %ix/load 4, 11, 0;
    %flag_set/imm 4, 0;
    %load/vec4a v0x600002289290, 4;
    %cmpi/e 55, 0, 32;
    %jmp/0xz  T_14.24, 6;
    %jmp T_14.25;
T_14.24 ;
    %vpi_call/w 3 147 "$display", "FAIL x11 (after JAL): got %0d", &A<v0x600002289290, 11> {0 0 0};
    %load/vec4 v0x60000228d200_0;
    %addi 1, 0, 32;
    %store/vec4 v0x60000228d200_0, 0, 32;
T_14.25 ;
    %ix/load 4, 0, 0;
    %flag_set/imm 4, 0;
    %load/vec4a v0x600002289290, 4;
    %cmpi/e 0, 0, 32;
    %jmp/0xz  T_14.26, 6;
    %jmp T_14.27;
T_14.26 ;
    %vpi_call/w 3 152 "$display", "FAIL x0 not zero" {0 0 0};
    %load/vec4 v0x60000228d200_0;
    %addi 1, 0, 32;
    %store/vec4 v0x60000228d200_0, 0, 32;
T_14.27 ;
    %load/vec4 v0x60000228d200_0;
    %cmpi/e 0, 0, 32;
    %jmp/0xz  T_14.28, 4;
    %vpi_call/w 3 156 "$display", "ALL TESTS PASSED" {0 0 0};
    %jmp T_14.29;
T_14.28 ;
    %vpi_call/w 3 158 "$display", "TEST FAILED with %0d errors", v0x60000228d200_0 {0 0 0};
T_14.29 ;
    %vpi_call/w 3 160 "$finish" {0 0 0};
    %end;
    .thread T_14;
# The file index is used to find the file name in the following table.
:file_names 11;
    "N/A";
    "<interactive>";
    "-";
    "CPU_SINGLE_CYCLE_TEST.sv";
    "CPU_SINGLE_CYCLE.sv";
    "CPU_ALU.sv";
    "../BRANCH_UNIT/BRANCH_UNIT.sv";
    "../IMMEDIATE_GENERATOR/IMMEDIATE_GENERATOR.sv";
    "../LOAD_UNIT/LOAD_UNIT.sv";
    "../Register/REGISTER_32_BLOCK_32.sv";
    "../STORE_UNIT/STORE_UNIT.sv";
