#! /opt/homebrew/Cellar/icarus-verilog/13.0/bin/vvp
:ivl_version "13.0 (stable)" "(v13_0)";
:ivl_delay_selection "TYPICAL";
:vpi_time_precision + 0;
:vpi_module "/opt/homebrew/Cellar/icarus-verilog/13.0/lib/ivl/system.vpi";
:vpi_module "/opt/homebrew/Cellar/icarus-verilog/13.0/lib/ivl/vhdl_sys.vpi";
:vpi_module "/opt/homebrew/Cellar/icarus-verilog/13.0/lib/ivl/vhdl_textio.vpi";
:vpi_module "/opt/homebrew/Cellar/icarus-verilog/13.0/lib/ivl/v2005_math.vpi";
:vpi_module "/opt/homebrew/Cellar/icarus-verilog/13.0/lib/ivl/va_math.vpi";
:vpi_module "/opt/homebrew/Cellar/icarus-verilog/13.0/lib/ivl/v2009.vpi";
S_0x1106042c0 .scope package, "$unit" "$unit" 2 1;
 .timescale 0 0;
S_0x110604430 .scope module, "IMMEDIATE_GENERATOR_TEST" "IMMEDIATE_GENERATOR_TEST" 3 1;
 .timescale 0 0;
v0x600001a08360_0 .var/2s "error", 31 0;
v0x600001a083f0_0 .net "imm", 31 0, v0x600001a081b0_0;  1 drivers
v0x600001a08480_0 .var "instruction", 31 0;
S_0x110606410 .scope module, "dut" "IMMEDIATE_GENERATOR" 3 6, 4 9 0, S_0x110604430;
 .timescale 0 0;
    .port_info 0 /INPUT 32 "instruction";
    .port_info 1 /OUTPUT 32 "imm";
v0x600001a081b0_0 .var "imm", 31 0;
v0x600001a08240_0 .net "instruction", 31 0, v0x600001a08480_0;  1 drivers
v0x600001a082d0_0 .net "opcode", 6 0, L_0x6000019080a0;  1 drivers
E_0x600003d00a80 .event anyedge, v0x600001a082d0_0, v0x600001a08240_0;
L_0x6000019080a0 .part v0x600001a08480_0, 0, 7;
    .scope S_0x110606410;
T_0 ;
Ewait_0 .event/or E_0x600003d00a80, E_0x0;
    %wait Ewait_0;
    %load/vec4 v0x600001a082d0_0;
    %dup/vec4;
    %pushi/vec4 19, 0, 7;
    %cmp/u;
    %jmp/1 T_0.0, 6;
    %dup/vec4;
    %pushi/vec4 3, 0, 7;
    %cmp/u;
    %jmp/1 T_0.1, 6;
    %dup/vec4;
    %pushi/vec4 103, 0, 7;
    %cmp/u;
    %jmp/1 T_0.2, 6;
    %dup/vec4;
    %pushi/vec4 35, 0, 7;
    %cmp/u;
    %jmp/1 T_0.3, 6;
    %dup/vec4;
    %pushi/vec4 99, 0, 7;
    %cmp/u;
    %jmp/1 T_0.4, 6;
    %dup/vec4;
    %pushi/vec4 55, 0, 7;
    %cmp/u;
    %jmp/1 T_0.5, 6;
    %dup/vec4;
    %pushi/vec4 23, 0, 7;
    %cmp/u;
    %jmp/1 T_0.6, 6;
    %dup/vec4;
    %pushi/vec4 111, 0, 7;
    %cmp/u;
    %jmp/1 T_0.7, 6;
    %pushi/vec4 0, 0, 32;
    %store/vec4 v0x600001a081b0_0, 0, 32;
    %jmp T_0.9;
T_0.0 ;
    %load/vec4 v0x600001a08240_0;
    %parti/s 1, 31, 6;
    %replicate 20;
    %load/vec4 v0x600001a08240_0;
    %parti/s 12, 20, 6;
    %concat/vec4; draw_concat_vec4
    %store/vec4 v0x600001a081b0_0, 0, 32;
    %jmp T_0.9;
T_0.1 ;
    %load/vec4 v0x600001a08240_0;
    %parti/s 1, 31, 6;
    %replicate 20;
    %load/vec4 v0x600001a08240_0;
    %parti/s 12, 20, 6;
    %concat/vec4; draw_concat_vec4
    %store/vec4 v0x600001a081b0_0, 0, 32;
    %jmp T_0.9;
T_0.2 ;
    %load/vec4 v0x600001a08240_0;
    %parti/s 1, 31, 6;
    %replicate 20;
    %load/vec4 v0x600001a08240_0;
    %parti/s 12, 20, 6;
    %concat/vec4; draw_concat_vec4
    %store/vec4 v0x600001a081b0_0, 0, 32;
    %jmp T_0.9;
T_0.3 ;
    %load/vec4 v0x600001a08240_0;
    %parti/s 1, 31, 6;
    %replicate 20;
    %load/vec4 v0x600001a08240_0;
    %parti/s 7, 25, 6;
    %concat/vec4; draw_concat_vec4
    %load/vec4 v0x600001a08240_0;
    %parti/s 5, 7, 4;
    %concat/vec4; draw_concat_vec4
    %store/vec4 v0x600001a081b0_0, 0, 32;
    %jmp T_0.9;
T_0.4 ;
    %load/vec4 v0x600001a08240_0;
    %parti/s 1, 31, 6;
    %replicate 19;
    %load/vec4 v0x600001a08240_0;
    %parti/s 1, 31, 6;
    %concat/vec4; draw_concat_vec4
    %load/vec4 v0x600001a08240_0;
    %parti/s 1, 7, 4;
    %concat/vec4; draw_concat_vec4
    %load/vec4 v0x600001a08240_0;
    %parti/s 6, 25, 6;
    %concat/vec4; draw_concat_vec4
    %load/vec4 v0x600001a08240_0;
    %parti/s 4, 8, 5;
    %concat/vec4; draw_concat_vec4
    %concati/vec4 0, 0, 1;
    %store/vec4 v0x600001a081b0_0, 0, 32;
    %jmp T_0.9;
T_0.5 ;
    %load/vec4 v0x600001a08240_0;
    %parti/s 20, 12, 5;
    %concati/vec4 0, 0, 12;
    %store/vec4 v0x600001a081b0_0, 0, 32;
    %jmp T_0.9;
T_0.6 ;
    %load/vec4 v0x600001a08240_0;
    %parti/s 20, 12, 5;
    %concati/vec4 0, 0, 12;
    %store/vec4 v0x600001a081b0_0, 0, 32;
    %jmp T_0.9;
T_0.7 ;
    %load/vec4 v0x600001a08240_0;
    %parti/s 1, 31, 6;
    %replicate 11;
    %load/vec4 v0x600001a08240_0;
    %parti/s 1, 31, 6;
    %concat/vec4; draw_concat_vec4
    %load/vec4 v0x600001a08240_0;
    %parti/s 8, 12, 5;
    %concat/vec4; draw_concat_vec4
    %load/vec4 v0x600001a08240_0;
    %parti/s 1, 20, 6;
    %concat/vec4; draw_concat_vec4
    %load/vec4 v0x600001a08240_0;
    %parti/s 10, 21, 6;
    %concat/vec4; draw_concat_vec4
    %concati/vec4 0, 0, 1;
    %store/vec4 v0x600001a081b0_0, 0, 32;
    %jmp T_0.9;
T_0.9 ;
    %pop/vec4 1;
    %jmp T_0;
    .thread T_0, $push;
    .scope S_0x110604430;
T_1 ;
    %pushi/vec4 0, 0, 32;
    %store/vec4 v0x600001a08360_0, 0, 32;
    %end;
    .thread T_1, $init;
    .scope S_0x110604430;
T_2 ;
    %vpi_call/w 3 12 "$dumpfile", "IMMEDIATE_GENERATOR.vcd" {0 0 0};
    %vpi_call/w 3 13 "$dumpvars", 32'sb00000000000000000000000000000000, S_0x110604430 {0 0 0};
    %pushi/vec4 5308563, 0, 32;
    %store/vec4 v0x600001a08480_0, 0, 32;
    %delay 1, 0;
    %load/vec4 v0x600001a083f0_0;
    %cmpi/e 5, 0, 32;
    %jmp/0xz  T_2.0, 6;
    %jmp T_2.1;
T_2.0 ;
    %vpi_call/w 3 20 "$display", "FAIL I-type +5: got %h", v0x600001a083f0_0 {0 0 0};
    %load/vec4 v0x600001a08360_0;
    %addi 1, 0, 32;
    %store/vec4 v0x600001a08360_0, 0, 32;
T_2.1 ;
    %pushi/vec4 4291887251, 0, 32;
    %store/vec4 v0x600001a08480_0, 0, 32;
    %delay 1, 0;
    %load/vec4 v0x600001a083f0_0;
    %cmpi/e 4294967293, 0, 32;
    %jmp/0xz  T_2.2, 6;
    %jmp T_2.3;
T_2.2 ;
    %vpi_call/w 3 27 "$display", "FAIL I-type -3: got %h", v0x600001a083f0_0 {0 0 0};
    %load/vec4 v0x600001a08360_0;
    %addi 1, 0, 32;
    %store/vec4 v0x600001a08360_0, 0, 32;
T_2.3 ;
    %pushi/vec4 12648579, 0, 32;
    %store/vec4 v0x600001a08480_0, 0, 32;
    %delay 1, 0;
    %load/vec4 v0x600001a083f0_0;
    %cmpi/e 12, 0, 32;
    %jmp/0xz  T_2.4, 6;
    %jmp T_2.5;
T_2.4 ;
    %vpi_call/w 3 34 "$display", "FAIL I-type LOAD +12: got %h", v0x600001a083f0_0 {0 0 0};
    %load/vec4 v0x600001a08360_0;
    %addi 1, 0, 32;
    %store/vec4 v0x600001a08360_0, 0, 32;
T_2.5 ;
    %pushi/vec4 4290805863, 0, 32;
    %store/vec4 v0x600001a08480_0, 0, 32;
    %delay 1, 0;
    %load/vec4 v0x600001a083f0_0;
    %cmpi/e 4294967292, 0, 32;
    %jmp/0xz  T_2.6, 6;
    %jmp T_2.7;
T_2.6 ;
    %vpi_call/w 3 41 "$display", "FAIL I-type JALR -4: got %h", v0x600001a083f0_0 {0 0 0};
    %load/vec4 v0x600001a08360_0;
    %addi 1, 0, 32;
    %store/vec4 v0x600001a08360_0, 0, 32;
T_2.7 ;
    %pushi/vec4 3220515, 0, 32;
    %store/vec4 v0x600001a08480_0, 0, 32;
    %delay 1, 0;
    %load/vec4 v0x600001a083f0_0;
    %cmpi/e 8, 0, 32;
    %jmp/0xz  T_2.8, 6;
    %jmp T_2.9;
T_2.8 ;
    %vpi_call/w 3 50 "$display", "FAIL S-type +8: got %h", v0x600001a083f0_0 {0 0 0};
    %load/vec4 v0x600001a08360_0;
    %addi 1, 0, 32;
    %store/vec4 v0x600001a08360_0, 0, 32;
T_2.9 ;
    %pushi/vec4 4264635427, 0, 32;
    %store/vec4 v0x600001a08480_0, 0, 32;
    %delay 1, 0;
    %load/vec4 v0x600001a083f0_0;
    %cmpi/e 4294967288, 0, 32;
    %jmp/0xz  T_2.10, 6;
    %jmp T_2.11;
T_2.10 ;
    %vpi_call/w 3 58 "$display", "FAIL S-type -8: got %h", v0x600001a083f0_0 {0 0 0};
    %load/vec4 v0x600001a08360_0;
    %addi 1, 0, 32;
    %store/vec4 v0x600001a08360_0, 0, 32;
T_2.11 ;
    %pushi/vec4 2132067, 0, 32;
    %store/vec4 v0x600001a08480_0, 0, 32;
    %delay 1, 0;
    %load/vec4 v0x600001a083f0_0;
    %cmpi/e 16, 0, 32;
    %jmp/0xz  T_2.12, 6;
    %jmp T_2.13;
T_2.12 ;
    %vpi_call/w 3 67 "$display", "FAIL B-type +16: got %h", v0x600001a083f0_0 {0 0 0};
    %load/vec4 v0x600001a08360_0;
    %addi 1, 0, 32;
    %store/vec4 v0x600001a08360_0, 0, 32;
T_2.13 ;
    %pushi/vec4 4263550179, 0, 32;
    %store/vec4 v0x600001a08480_0, 0, 32;
    %delay 1, 0;
    %load/vec4 v0x600001a083f0_0;
    %cmpi/e 4294967288, 0, 32;
    %jmp/0xz  T_2.14, 6;
    %jmp T_2.15;
T_2.14 ;
    %vpi_call/w 3 76 "$display", "FAIL B-type -8: got %h", v0x600001a083f0_0 {0 0 0};
    %load/vec4 v0x600001a08360_0;
    %addi 1, 0, 32;
    %store/vec4 v0x600001a08360_0, 0, 32;
T_2.15 ;
    %pushi/vec4 305418423, 0, 32;
    %store/vec4 v0x600001a08480_0, 0, 32;
    %delay 1, 0;
    %load/vec4 v0x600001a083f0_0;
    %cmpi/e 305418240, 0, 32;
    %jmp/0xz  T_2.16, 6;
    %jmp T_2.17;
T_2.16 ;
    %vpi_call/w 3 84 "$display", "FAIL U-type LUI: got %h", v0x600001a083f0_0 {0 0 0};
    %load/vec4 v0x600001a08360_0;
    %addi 1, 0, 32;
    %store/vec4 v0x600001a08360_0, 0, 32;
T_2.17 ;
    %pushi/vec4 2882396311, 0, 32;
    %store/vec4 v0x600001a08480_0, 0, 32;
    %delay 1, 0;
    %load/vec4 v0x600001a083f0_0;
    %cmpi/e 2882396160, 0, 32;
    %jmp/0xz  T_2.18, 6;
    %jmp T_2.19;
T_2.18 ;
    %vpi_call/w 3 91 "$display", "FAIL U-type AUIPC: got %h", v0x600001a083f0_0 {0 0 0};
    %load/vec4 v0x600001a08360_0;
    %addi 1, 0, 32;
    %store/vec4 v0x600001a08360_0, 0, 32;
T_2.19 ;
    %pushi/vec4 16777327, 0, 32;
    %store/vec4 v0x600001a08480_0, 0, 32;
    %delay 1, 0;
    %load/vec4 v0x600001a083f0_0;
    %cmpi/e 16, 0, 32;
    %jmp/0xz  T_2.20, 6;
    %jmp T_2.21;
T_2.20 ;
    %vpi_call/w 3 100 "$display", "FAIL J-type +16: got %h", v0x600001a083f0_0 {0 0 0};
    %load/vec4 v0x600001a08360_0;
    %addi 1, 0, 32;
    %store/vec4 v0x600001a08360_0, 0, 32;
T_2.21 ;
    %pushi/vec4 4292866287, 0, 32;
    %store/vec4 v0x600001a08480_0, 0, 32;
    %delay 1, 0;
    %load/vec4 v0x600001a083f0_0;
    %cmpi/e 4294967292, 0, 32;
    %jmp/0xz  T_2.22, 6;
    %jmp T_2.23;
T_2.22 ;
    %vpi_call/w 3 109 "$display", "FAIL J-type -4: got %h", v0x600001a083f0_0 {0 0 0};
    %load/vec4 v0x600001a08360_0;
    %addi 1, 0, 32;
    %store/vec4 v0x600001a08360_0, 0, 32;
T_2.23 ;
    %load/vec4 v0x600001a08360_0;
    %cmpi/e 0, 0, 32;
    %jmp/0xz  T_2.24, 4;
    %vpi_call/w 3 113 "$display", "ALL TESTS PASSED" {0 0 0};
    %jmp T_2.25;
T_2.24 ;
    %vpi_call/w 3 115 "$display", "TEST FAILED with %0d errors", v0x600001a08360_0 {0 0 0};
T_2.25 ;
    %vpi_call/w 3 117 "$finish" {0 0 0};
    %end;
    .thread T_2;
# The file index is used to find the file name in the following table.
:file_names 5;
    "N/A";
    "<interactive>";
    "-";
    "IMMEDIATE_GENERATOR_TEST.sv";
    "IMMEDIATE_GENERATOR.sv";
