#! /opt/homebrew/Cellar/icarus-verilog/13.0/bin/vvp
:ivl_version "13.0 (stable)" "(v13_0)";
:ivl_delay_selection "TYPICAL";
:vpi_time_precision + 0;
:vpi_module "/opt/homebrew/Cellar/icarus-verilog/13.0/lib/ivl/system.vpi";
:vpi_module "/opt/homebrew/Cellar/icarus-verilog/13.0/lib/ivl/vhdl_sys.vpi";
:vpi_module "/opt/homebrew/Cellar/icarus-verilog/13.0/lib/ivl/vhdl_textio.vpi";
:vpi_module "/opt/homebrew/Cellar/icarus-verilog/13.0/lib/ivl/v2005_math.vpi";
:vpi_module "/opt/homebrew/Cellar/icarus-verilog/13.0/lib/ivl/va_math.vpi";
:vpi_module "/opt/homebrew/Cellar/icarus-verilog/13.0/lib/ivl/v2009.vpi";
S_0x122e06580 .scope package, "$unit" "$unit" 2 1;
 .timescale 0 0;
S_0x122e06900 .scope module, "OP_0010011_TEST" "OP_0010011_TEST" 3 1;
 .timescale 0 0;
v0x6000039f8360_0 .var "clk", 0 0;
v0x6000039f83f0_0 .var/2s "error", 31 0;
v0x6000039f8480_0 .var "funct3", 2 0;
v0x6000039f8510_0 .var "funct7", 6 0;
v0x6000039f85a0_0 .var "imm", 31 0;
v0x6000039f8630_0 .net "output_value", 31 0, v0x6000039f8240_0;  1 drivers
v0x6000039f86c0_0 .var "rs1", 31 0;
S_0x122e042c0 .scope module, "dut" "OP_0010011" 3 9, 4 3 0, S_0x122e06900;
 .timescale 0 0;
    .port_info 0 /INPUT 7 "funct7";
    .port_info 1 /INPUT 3 "funct3";
    .port_info 2 /INPUT 32 "rs1";
    .port_info 3 /INPUT 32 "imm";
    .port_info 4 /INPUT 1 "clk";
    .port_info 5 /OUTPUT 32 "output_value";
v0x6000039f8000_0 .net "clk", 0 0, v0x6000039f8360_0;  1 drivers
v0x6000039f8090_0 .net "funct3", 2 0, v0x6000039f8480_0;  1 drivers
v0x6000039f8120_0 .net "funct7", 6 0, v0x6000039f8510_0;  1 drivers
v0x6000039f81b0_0 .net "imm", 31 0, v0x6000039f85a0_0;  1 drivers
v0x6000039f8240_0 .var "output_value", 31 0;
v0x6000039f82d0_0 .net "rs1", 31 0, v0x6000039f86c0_0;  1 drivers
E_0x600001ef04c0 .event posedge, v0x6000039f8000_0;
    .scope S_0x122e042c0;
T_0 ;
    %wait E_0x600001ef04c0;
    %load/vec4 v0x6000039f8090_0;
    %dup/vec4;
    %pushi/vec4 0, 0, 3;
    %cmp/u;
    %jmp/1 T_0.0, 6;
    %dup/vec4;
    %pushi/vec4 1, 0, 3;
    %cmp/u;
    %jmp/1 T_0.1, 6;
    %dup/vec4;
    %pushi/vec4 2, 0, 3;
    %cmp/u;
    %jmp/1 T_0.2, 6;
    %dup/vec4;
    %pushi/vec4 3, 0, 3;
    %cmp/u;
    %jmp/1 T_0.3, 6;
    %dup/vec4;
    %pushi/vec4 4, 0, 3;
    %cmp/u;
    %jmp/1 T_0.4, 6;
    %dup/vec4;
    %pushi/vec4 5, 0, 3;
    %cmp/u;
    %jmp/1 T_0.5, 6;
    %dup/vec4;
    %pushi/vec4 6, 0, 3;
    %cmp/u;
    %jmp/1 T_0.6, 6;
    %dup/vec4;
    %pushi/vec4 7, 0, 3;
    %cmp/u;
    %jmp/1 T_0.7, 6;
    %jmp T_0.8;
T_0.0 ;
    %load/vec4 v0x6000039f82d0_0;
    %load/vec4 v0x6000039f81b0_0;
    %add;
    %assign/vec4 v0x6000039f8240_0, 0;
    %jmp T_0.8;
T_0.1 ;
    %load/vec4 v0x6000039f82d0_0;
    %load/vec4 v0x6000039f81b0_0;
    %parti/s 5, 0, 2;
    %ix/vec4 4;
    %shiftl 4;
    %assign/vec4 v0x6000039f8240_0, 0;
    %jmp T_0.8;
T_0.2 ;
    %load/vec4 v0x6000039f82d0_0;
    %load/vec4 v0x6000039f81b0_0;
    %cmp/s;
    %jmp/0xz  T_0.9, 5;
    %pushi/vec4 1, 0, 32;
    %assign/vec4 v0x6000039f8240_0, 0;
    %jmp T_0.10;
T_0.9 ;
    %pushi/vec4 0, 0, 32;
    %assign/vec4 v0x6000039f8240_0, 0;
T_0.10 ;
    %jmp T_0.8;
T_0.3 ;
    %load/vec4 v0x6000039f82d0_0;
    %load/vec4 v0x6000039f81b0_0;
    %cmp/u;
    %jmp/0xz  T_0.11, 5;
    %pushi/vec4 1, 0, 32;
    %assign/vec4 v0x6000039f8240_0, 0;
    %jmp T_0.12;
T_0.11 ;
    %pushi/vec4 0, 0, 32;
    %assign/vec4 v0x6000039f8240_0, 0;
T_0.12 ;
    %jmp T_0.8;
T_0.4 ;
    %load/vec4 v0x6000039f82d0_0;
    %load/vec4 v0x6000039f81b0_0;
    %xor;
    %assign/vec4 v0x6000039f8240_0, 0;
    %jmp T_0.8;
T_0.5 ;
    %load/vec4 v0x6000039f8120_0;
    %parti/s 1, 5, 4;
    %nor/r;
    %flag_set/vec4 8;
    %jmp/0xz  T_0.13, 8;
    %load/vec4 v0x6000039f82d0_0;
    %load/vec4 v0x6000039f81b0_0;
    %parti/s 5, 0, 2;
    %ix/vec4 4;
    %shiftr 4;
    %assign/vec4 v0x6000039f8240_0, 0;
    %jmp T_0.14;
T_0.13 ;
    %load/vec4 v0x6000039f82d0_0;
    %load/vec4 v0x6000039f81b0_0;
    %parti/s 5, 0, 2;
    %ix/vec4 4;
    %shiftr/s 4;
    %assign/vec4 v0x6000039f8240_0, 0;
T_0.14 ;
    %jmp T_0.8;
T_0.6 ;
    %load/vec4 v0x6000039f82d0_0;
    %load/vec4 v0x6000039f81b0_0;
    %or;
    %assign/vec4 v0x6000039f8240_0, 0;
    %jmp T_0.8;
T_0.7 ;
    %load/vec4 v0x6000039f82d0_0;
    %load/vec4 v0x6000039f81b0_0;
    %and;
    %assign/vec4 v0x6000039f8240_0, 0;
    %jmp T_0.8;
T_0.8 ;
    %pop/vec4 1;
    %jmp T_0;
    .thread T_0;
    .scope S_0x122e06900;
T_1 ;
    %pushi/vec4 0, 0, 32;
    %store/vec4 v0x6000039f83f0_0, 0, 32;
    %end;
    .thread T_1, $init;
    .scope S_0x122e06900;
T_2 ;
    %pushi/vec4 0, 0, 1;
    %store/vec4 v0x6000039f8360_0, 0, 1;
T_2.0 ;
    %delay 5, 0;
    %load/vec4 v0x6000039f8360_0;
    %inv;
    %store/vec4 v0x6000039f8360_0, 0, 1;
    %jmp T_2.0;
T_2.1 ;
    %end;
    .thread T_2;
    .scope S_0x122e06900;
T_3 ;
    %vpi_call/w 3 24 "$dumpfile", "OP_0010011.vcd" {0 0 0};
    %vpi_call/w 3 25 "$dumpvars", 32'sb00000000000000000000000000000000, S_0x122e06900 {0 0 0};
    %pushi/vec4 0, 0, 7;
    %store/vec4 v0x6000039f8510_0, 0, 7;
    %delay 5, 0;
    %pushi/vec4 0, 0, 3;
    %store/vec4 v0x6000039f8480_0, 0, 3;
    %pushi/vec4 10, 0, 32;
    %store/vec4 v0x6000039f86c0_0, 0, 32;
    %pushi/vec4 5, 0, 32;
    %store/vec4 v0x6000039f85a0_0, 0, 32;
    %delay 10, 0;
    %load/vec4 v0x6000039f8630_0;
    %cmpi/e 15, 0, 32;
    %jmp/0xz  T_3.0, 6;
    %jmp T_3.1;
T_3.0 ;
    %load/vec4 v0x6000039f83f0_0;
    %addi 1, 0, 32;
    %store/vec4 v0x6000039f83f0_0, 0, 32;
T_3.1 ;
    %pushi/vec4 0, 0, 3;
    %store/vec4 v0x6000039f8480_0, 0, 3;
    %pushi/vec4 10, 0, 32;
    %store/vec4 v0x6000039f86c0_0, 0, 32;
    %pushi/vec4 4294967293, 0, 32;
    %store/vec4 v0x6000039f85a0_0, 0, 32;
    %delay 10, 0;
    %load/vec4 v0x6000039f8630_0;
    %cmpi/e 7, 0, 32;
    %jmp/0xz  T_3.2, 6;
    %jmp T_3.3;
T_3.2 ;
    %load/vec4 v0x6000039f83f0_0;
    %addi 1, 0, 32;
    %store/vec4 v0x6000039f83f0_0, 0, 32;
T_3.3 ;
    %pushi/vec4 1, 0, 3;
    %store/vec4 v0x6000039f8480_0, 0, 3;
    %pushi/vec4 1, 0, 32;
    %store/vec4 v0x6000039f86c0_0, 0, 32;
    %pushi/vec4 4, 0, 32;
    %store/vec4 v0x6000039f85a0_0, 0, 32;
    %delay 10, 0;
    %load/vec4 v0x6000039f8630_0;
    %cmpi/e 16, 0, 32;
    %jmp/0xz  T_3.4, 6;
    %jmp T_3.5;
T_3.4 ;
    %load/vec4 v0x6000039f83f0_0;
    %addi 1, 0, 32;
    %store/vec4 v0x6000039f83f0_0, 0, 32;
T_3.5 ;
    %pushi/vec4 2, 0, 3;
    %store/vec4 v0x6000039f8480_0, 0, 3;
    %pushi/vec4 4294967295, 0, 32;
    %store/vec4 v0x6000039f86c0_0, 0, 32;
    %pushi/vec4 0, 0, 32;
    %store/vec4 v0x6000039f85a0_0, 0, 32;
    %delay 10, 0;
    %load/vec4 v0x6000039f8630_0;
    %cmpi/e 1, 0, 32;
    %jmp/0xz  T_3.6, 6;
    %jmp T_3.7;
T_3.6 ;
    %load/vec4 v0x6000039f83f0_0;
    %addi 1, 0, 32;
    %store/vec4 v0x6000039f83f0_0, 0, 32;
T_3.7 ;
    %pushi/vec4 2, 0, 3;
    %store/vec4 v0x6000039f8480_0, 0, 3;
    %pushi/vec4 1, 0, 32;
    %store/vec4 v0x6000039f86c0_0, 0, 32;
    %pushi/vec4 0, 0, 32;
    %store/vec4 v0x6000039f85a0_0, 0, 32;
    %delay 10, 0;
    %load/vec4 v0x6000039f8630_0;
    %cmpi/e 0, 0, 32;
    %jmp/0xz  T_3.8, 6;
    %jmp T_3.9;
T_3.8 ;
    %load/vec4 v0x6000039f83f0_0;
    %addi 1, 0, 32;
    %store/vec4 v0x6000039f83f0_0, 0, 32;
T_3.9 ;
    %pushi/vec4 3, 0, 3;
    %store/vec4 v0x6000039f8480_0, 0, 3;
    %pushi/vec4 4294967295, 0, 32;
    %store/vec4 v0x6000039f86c0_0, 0, 32;
    %pushi/vec4 0, 0, 32;
    %store/vec4 v0x6000039f85a0_0, 0, 32;
    %delay 10, 0;
    %load/vec4 v0x6000039f8630_0;
    %cmpi/e 0, 0, 32;
    %jmp/0xz  T_3.10, 6;
    %jmp T_3.11;
T_3.10 ;
    %load/vec4 v0x6000039f83f0_0;
    %addi 1, 0, 32;
    %store/vec4 v0x6000039f83f0_0, 0, 32;
T_3.11 ;
    %pushi/vec4 3, 0, 3;
    %store/vec4 v0x6000039f8480_0, 0, 3;
    %pushi/vec4 0, 0, 32;
    %store/vec4 v0x6000039f86c0_0, 0, 32;
    %pushi/vec4 1, 0, 32;
    %store/vec4 v0x6000039f85a0_0, 0, 32;
    %delay 10, 0;
    %load/vec4 v0x6000039f8630_0;
    %cmpi/e 1, 0, 32;
    %jmp/0xz  T_3.12, 6;
    %jmp T_3.13;
T_3.12 ;
    %load/vec4 v0x6000039f83f0_0;
    %addi 1, 0, 32;
    %store/vec4 v0x6000039f83f0_0, 0, 32;
T_3.13 ;
    %pushi/vec4 4, 0, 3;
    %store/vec4 v0x6000039f8480_0, 0, 3;
    %pushi/vec4 2863311530, 0, 32;
    %store/vec4 v0x6000039f86c0_0, 0, 32;
    %pushi/vec4 1431655765, 0, 32;
    %store/vec4 v0x6000039f85a0_0, 0, 32;
    %delay 10, 0;
    %load/vec4 v0x6000039f8630_0;
    %cmpi/e 4294967295, 0, 32;
    %jmp/0xz  T_3.14, 6;
    %jmp T_3.15;
T_3.14 ;
    %load/vec4 v0x6000039f83f0_0;
    %addi 1, 0, 32;
    %store/vec4 v0x6000039f83f0_0, 0, 32;
T_3.15 ;
    %pushi/vec4 0, 0, 7;
    %store/vec4 v0x6000039f8510_0, 0, 7;
    %pushi/vec4 5, 0, 3;
    %store/vec4 v0x6000039f8480_0, 0, 3;
    %pushi/vec4 4278255360, 0, 32;
    %store/vec4 v0x6000039f86c0_0, 0, 32;
    %pushi/vec4 8, 0, 32;
    %store/vec4 v0x6000039f85a0_0, 0, 32;
    %delay 10, 0;
    %load/vec4 v0x6000039f8630_0;
    %cmpi/e 16711935, 0, 32;
    %jmp/0xz  T_3.16, 6;
    %jmp T_3.17;
T_3.16 ;
    %load/vec4 v0x6000039f83f0_0;
    %addi 1, 0, 32;
    %store/vec4 v0x6000039f83f0_0, 0, 32;
T_3.17 ;
    %pushi/vec4 32, 0, 7;
    %store/vec4 v0x6000039f8510_0, 0, 7;
    %pushi/vec4 5, 0, 3;
    %store/vec4 v0x6000039f8480_0, 0, 3;
    %pushi/vec4 4026531840, 0, 32;
    %store/vec4 v0x6000039f86c0_0, 0, 32;
    %pushi/vec4 4, 0, 32;
    %store/vec4 v0x6000039f85a0_0, 0, 32;
    %delay 10, 0;
    %load/vec4 v0x6000039f8630_0;
    %cmpi/e 4278190080, 0, 32;
    %jmp/0xz  T_3.18, 6;
    %jmp T_3.19;
T_3.18 ;
    %load/vec4 v0x6000039f83f0_0;
    %addi 1, 0, 32;
    %store/vec4 v0x6000039f83f0_0, 0, 32;
T_3.19 ;
    %pushi/vec4 0, 0, 7;
    %store/vec4 v0x6000039f8510_0, 0, 7;
    %pushi/vec4 6, 0, 3;
    %store/vec4 v0x6000039f8480_0, 0, 3;
    %pushi/vec4 252645135, 0, 32;
    %store/vec4 v0x6000039f86c0_0, 0, 32;
    %pushi/vec4 4042322160, 0, 32;
    %store/vec4 v0x6000039f85a0_0, 0, 32;
    %delay 10, 0;
    %load/vec4 v0x6000039f8630_0;
    %cmpi/e 4294967295, 0, 32;
    %jmp/0xz  T_3.20, 6;
    %jmp T_3.21;
T_3.20 ;
    %load/vec4 v0x6000039f83f0_0;
    %addi 1, 0, 32;
    %store/vec4 v0x6000039f83f0_0, 0, 32;
T_3.21 ;
    %pushi/vec4 7, 0, 3;
    %store/vec4 v0x6000039f8480_0, 0, 3;
    %pushi/vec4 2863311530, 0, 32;
    %store/vec4 v0x6000039f86c0_0, 0, 32;
    %pushi/vec4 252645135, 0, 32;
    %store/vec4 v0x6000039f85a0_0, 0, 32;
    %delay 10, 0;
    %load/vec4 v0x6000039f8630_0;
    %cmpi/e 168430090, 0, 32;
    %jmp/0xz  T_3.22, 6;
    %jmp T_3.23;
T_3.22 ;
    %load/vec4 v0x6000039f83f0_0;
    %addi 1, 0, 32;
    %store/vec4 v0x6000039f83f0_0, 0, 32;
T_3.23 ;
    %load/vec4 v0x6000039f83f0_0;
    %cmpi/e 0, 0, 32;
    %jmp/0xz  T_3.24, 4;
    %vpi_call/w 3 81 "$display", "ALL TESTS PASSED" {0 0 0};
    %jmp T_3.25;
T_3.24 ;
    %vpi_call/w 3 83 "$display", "TEST FAILED with %0d errors", v0x6000039f83f0_0 {0 0 0};
T_3.25 ;
    %vpi_call/w 3 85 "$finish" {0 0 0};
    %end;
    .thread T_3;
# The file index is used to find the file name in the following table.
:file_names 5;
    "N/A";
    "<interactive>";
    "-";
    "OP_0010011_TEST.sv";
    "OP_0010011.sv";
